#
# A fatal error has been detected by the Java Runtime Environment:
#
#  EXCEPTION_ACCESS_VIOLATION (0xc0000005) at pc=0x00007ff8914ca406, pid=7096, tid=0x0000000000001a34
#
# JRE version: OpenJDK Runtime Environment (8.0_152-b01) (build 1.8.0_152-release-1248-b01)
# Java VM: OpenJDK 64-Bit Server VM (25.152-b01 mixed mode windows-amd64 compressed oops)
# Problematic frame:
# C  [zip.dll+0xa406]
#
# Failed to write core dump. Minidumps are not enabled by default on client versions of Windows
#
# If you would like to submit a bug report, please visit:
#   http://bugreport.java.com/bugreport/crash.jsp
# The crash happened outside the Java Virtual Machine in native code.
# See problematic frame for where to report the bug.
#

---------------  T H R E A D  ---------------

Current thread (0x000000001bae2000):  JavaThread "Daemon worker Thread 3" [_thread_in_native, id=6708, stack(0x0000000000610000,0x0000000000710000)]

siginfo: ExceptionCode=0xc0000005, reading address 0x000000000fa82390

Registers:
RAX=0x000000001e545570, RBX=0x000000001c8262d0, RCX=0x000000000000000c, RDX=0x0000000000000064
RSP=0x000000000070a0e0, RBP=0x000000000fa82390, RSI=0x000000004a07652f, RDI=0x0000000000000000
R8 =0x0000000000000000, R9 =0x000000000070a160, R10=0x00000000ff2b2b2b, R11=0x000000000070a160
R12=0x000000000070a160, R13=0x000000000000003d, R14=0x000000000000003d, R15=0x000000001bae2000
RIP=0x00007ff8914ca406, EFLAGS=0x0000000000010207

Top of Stack: (sp=0x000000000070a0e0)
0x000000000070a0e0:   000000001b03cb18 0000000000000000
0x000000000070a0f0:   000000004a07652f 0000000063d60172
0x000000000070a100:   000000001bae2000 000000000070a608
0x000000000070a110:   00000000a081a401 000000001c8262d0
0x000000000070a120:   000000001bae21e0 00007ff8914c203b
0x000000000070a130:   000000000070a160 000000000070a5e0
0x000000000070a140:   000000000000003c 000000001bae21e0
0x000000000070a150:   000000000070a160 000000001bae2000
0x000000000070a160:   464e492d4154454d 2d656c646172672f
0x000000000070a170:   2f736e6967756c70 646172672e67726f
0x000000000070a180:   696c746f6b2e656c 696f72646e612d6e
0x000000000070a190:   7265706f72702e64 0000002f73656974
0x000000000070a1a0:   000000000070a1c0 0000000000000001
0x000000000070a1b0:   0000deaf1db65c7d 000000001bae2000
0x000000000070a1c0:   00000000a03cf008 0000000000000000
0x000000000070a1d0:   000000000000002e 0000000000000031 

Instructions: (pc=0x00007ff8914ca406)
0x00007ff8914ca3e6:   83 c4 20 41 5f 41 5e 41 5d 41 5c 5f c3 33 ff 41
0x00007ff8914ca3f6:   83 fa ff 74 60 49 63 ea 48 c1 e5 04 48 03 6b 58
0x00007ff8914ca406:   39 75 00 0f 85 a5 00 00 00 45 33 c0 48 8b d5 48
0x00007ff8914ca416:   8b cb e8 83 f6 ff ff 48 8b f8 48 85 c0 0f 84 89 


Register to memory mapping:

RAX=0x000000001e545570 is an unknown value
RBX=0x000000001c8262d0 is an unknown value
RCX=0x000000000000000c is an unknown value
RDX=0x0000000000000064 is an unknown value
RSP=0x000000000070a0e0 is pointing into the stack for thread: 0x000000001bae2000
RBP=0x000000000fa82390 is an unknown value
RSI=0x000000004a07652f is an unknown value
RDI=0x0000000000000000 is an unknown value
R8 =0x0000000000000000 is an unknown value
R9 =0x000000000070a160 is pointing into the stack for thread: 0x000000001bae2000
R10=0x00000000ff2b2b2b is an unknown value
R11=0x000000000070a160 is pointing into the stack for thread: 0x000000001bae2000
R12=0x000000000070a160 is pointing into the stack for thread: 0x000000001bae2000
R13=0x000000000000003d is an unknown value
R14=0x000000000000003d is an unknown value
R15=0x000000001bae2000 is a thread


Stack: [0x0000000000610000,0x0000000000710000],  sp=0x000000000070a0e0,  free space=1000k
Native frames: (J=compiled Java code, j=interpreted, Vv=VM code, C=native code)
C  [zip.dll+0xa406]
C  [zip.dll+0x203b]
C  0x00000000028fc9e0

Java frames: (J=compiled Java code, j=interpreted, Vv=VM code)
J 221  java.util.zip.ZipFile.getEntry(J[BZ)J (0 bytes) @ 0x00000000028fc95a [0x00000000028fc900+0x5a]
J 11839 C2 java.util.zip.ZipFile.getEntry(Ljava/lang/String;)Ljava/util/zip/ZipEntry; (86 bytes) @ 0x0000000003d13580 [0x0000000003d13220+0x360]
J 4422 C2 sun.misc.URLClassPath$JarLoader.getResource(Ljava/lang/String;Z)Lsun/misc/Resource; (85 bytes) @ 0x00000000035ae6b4 [0x00000000035ae540+0x174]
J 8702 C2 sun.misc.URLClassPath.findResource(Ljava/lang/String;Z)Ljava/net/URL; (47 bytes) @ 0x00000000038ccc6c [0x00000000038ccac0+0x1ac]
J 4670 C1 java.net.URLClassLoader$2.run()Ljava/lang/Object; (5 bytes) @ 0x000000000363b31c [0x000000000363b200+0x11c]
v  ~StubRoutines::call_stub
J 4408  java.security.AccessController.doPrivileged(Ljava/security/PrivilegedAction;Ljava/security/AccessControlContext;)Ljava/lang/Object; (0 bytes) @ 0x0000000003592f66 [0x0000000003592f00+0x66]
J 4889 C1 java.net.URLClassLoader.findResource(Ljava/lang/String;)Ljava/net/URL; (37 bytes) @ 0x00000000036d6d8c [0x00000000036d6c00+0x18c]
J 4443 C1 java.lang.ClassLoader.getResource(Ljava/lang/String;)Ljava/net/URL; (36 bytes) @ 0x00000000035b0834 [0x00000000035b0360+0x4d4]
j  org.gradle.api.internal.plugins.ClassloaderBackedPluginDescriptorLocator.findPluginDescriptor(Ljava/lang/String;)Lorg/gradle/api/internal/plugins/PluginDescriptor;+28
j  org.gradle.api.internal.plugins.DefaultPluginRegistry$1.load(Lorg/gradle/api/internal/plugins/DefaultPluginRegistry$PluginIdLookupCacheKey;)Lcom/google/common/base/Optional;+26
j  org.gradle.api.internal.plugins.DefaultPluginRegistry$1.load(Ljava/lang/Object;)Ljava/lang/Object;+5
J 8091 C1 com.google.common.cache.LocalCache$LoadingValueReference.loadFuture(Ljava/lang/Object;Lcom/google/common/cache/CacheLoader;)Lcom/google/common/util/concurrent/ListenableFuture; (122 bytes) @ 0x0000000003c6c7fc [0x0000000003c6c280+0x57c]
J 7635 C1 com.google.common.cache.LocalCache$Segment.lockedGetOrLoad(Ljava/lang/Object;ILcom/google/common/cache/CacheLoader;)Ljava/lang/Object; (433 bytes) @ 0x0000000003edc01c [0x0000000003ed9380+0x2c9c]
J 21640 C1 com.google.common.cache.LocalCache$Segment.get(Ljava/lang/Object;ILcom/google/common/cache/CacheLoader;)Ljava/lang/Object; (210 bytes) @ 0x000000000478c804 [0x000000000478b8c0+0xf44]
J 19391 C1 org.gradle.api.internal.plugins.DefaultPluginRegistry.lookup(Lorg/gradle/plugin/use/PluginId;Ljava/lang/ClassLoader;)Lorg/gradle/api/internal/plugins/PluginImplementation; (78 bytes) @ 0x000000000448ff94 [0x000000000448f240+0xd54]
j  org.gradle.api.internal.plugins.DefaultPluginRegistry.lookup(Lorg/gradle/plugin/use/PluginId;)Lorg/gradle/api/internal/plugins/PluginImplementation;+35
j  org.gradle.api.internal.plugins.DefaultPluginRegistry.lookup(Lorg/gradle/plugin/use/PluginId;)Lorg/gradle/api/internal/plugins/PluginImplementation;+12
j  org.gradle.api.internal.plugins.DefaultPluginManager.apply(Ljava/lang/String;)V+8
j  org.gradle.api.internal.plugins.DefaultObjectConfigurationAction.applyType(Ljava/lang/String;)V+43
j  org.gradle.api.internal.plugins.DefaultObjectConfigurationAction.access$200(Lorg/gradle/api/internal/plugins/DefaultObjectConfigurationAction;Ljava/lang/String;)V+2
j  org.gradle.api.internal.plugins.DefaultObjectConfigurationAction$3.run()V+8
j  org.gradle.api.internal.plugins.DefaultObjectConfigurationAction.execute()V+58
j  org.gradle.api.internal.project.AbstractPluginAware.apply(Ljava/util/Map;)V+12
j  org.gradle.api.internal.project.ProjectScript.apply(Ljava/util/Map;)V+5
j  org.gradle.api.Script$apply$0.callCurrent(Lgroovy/lang/GroovyObject;Ljava/lang/Object;)Ljava/lang/Object;+17
j  build_5gy13drf9hgk4fc4s4cpdjp0p.run()Ljava/lang/Object;+54
j  org.gradle.groovy.scripts.internal.DefaultScriptRunnerFactory$ScriptRunnerImpl.run(Ljava/lang/Object;Lorg/gradle/internal/service/ServiceRegistry;)V+57
j  org.gradle.configuration.DefaultScriptPluginFactory$ScriptPluginImpl$2.run()V+12
j  org.gradle.configuration.ProjectScriptTarget.addConfiguration(Ljava/lang/Runnable;Z)V+18
j  org.gradle.configuration.DefaultScriptPluginFactory$ScriptPluginImpl.apply(Ljava/lang/Object;)V+621
j  org.gradle.configuration.BuildOperationScriptPlugin$1$1.run(Lorg/gradle/internal/operations/BuildOperationContext;)V+17
J 7078 C1 org.gradle.internal.operations.DefaultBuildOperationExecutor$RunnableBuildOperationWorker.execute(Lorg/gradle/internal/operations/BuildOperation;Lorg/gradle/internal/operations/BuildOperationContext;)V (10 bytes) @ 0x0000000003d5b7e4 [0x0000000003d5b580+0x264]
J 20652 C1 org.gradle.internal.operations.DefaultBuildOperationExecutor.execute(Lorg/gradle/internal/operations/BuildOperation;Lorg/gradle/internal/operations/BuildOperationWorker;Lorg/gradle/internal/operations/DefaultBuildOperationExecutor$BuildOperationState;)V (336 bytes) @ 0x0000000005ca515c [0x0000000005ca35c0+0x1b9c]
J 8464 C1 org.gradle.internal.operations.DefaultBuildOperationExecutor.run(Lorg/gradle/internal/operations/RunnableBuildOperation;)V (32 bytes) @ 0x0000000002f927a4 [0x0000000002f922e0+0x4c4]
J 10183 C1 org.gradle.internal.operations.DelegatingBuildOperationExecutor.run(Lorg/gradle/internal/operations/RunnableBuildOperation;)V (11 bytes) @ 0x000000000292a104 [0x000000000292a000+0x104]
j  org.gradle.configuration.BuildOperationScriptPlugin$1.execute(Lorg/gradle/configuration/internal/UserCodeApplicationId;)V+16
j  org.gradle.configuration.BuildOperationScriptPlugin$1.execute(Ljava/lang/Object;)V+5
j  org.gradle.configuration.internal.DefaultUserCodeApplicationContext.apply(Lorg/gradle/api/Action;)V+19
j  org.gradle.configuration.BuildOperationScriptPlugin.apply(Ljava/lang/Object;)V+54
j  org.gradle.configuration.project.BuildScriptProcessor.execute(Lorg/gradle/api/internal/project/ProjectInternal;)V+74
j  org.gradle.configuration.project.BuildScriptProcessor.execute(Ljava/lang/Object;)V+5
j  org.gradle.configuration.project.ConfigureActionsProjectEvaluator.evaluate(Lorg/gradle/api/internal/project/ProjectInternal;Lorg/gradle/api/internal/project/ProjectStateInternal;)V+33
j  org.gradle.configuration.project.LifecycleProjectEvaluator$EvaluateProject.run(Lorg/gradle/internal/operations/BuildOperationContext;)V+67
J 7078 C1 org.gradle.internal.operations.DefaultBuildOperationExecutor$RunnableBuildOperationWorker.execute(Lorg/gradle/internal/operations/BuildOperation;Lorg/gradle/internal/operations/BuildOperationContext;)V (10 bytes) @ 0x0000000003d5b7e4 [0x0000000003d5b580+0x264]
J 20652 C1 org.gradle.internal.operations.DefaultBuildOperationExecutor.execute(Lorg/gradle/internal/operations/BuildOperation;Lorg/gradle/internal/operations/BuildOperationWorker;Lorg/gradle/internal/operations/DefaultBuildOperationExecutor$BuildOperationState;)V (336 bytes) @ 0x0000000005ca515c [0x0000000005ca35c0+0x1b9c]
J 8464 C1 org.gradle.internal.operations.DefaultBuildOperationExecutor.run(Lorg/gradle/internal/operations/RunnableBuildOperation;)V (32 bytes) @ 0x0000000002f927a4 [0x0000000002f922e0+0x4c4]
J 10183 C1 org.gradle.internal.operations.DelegatingBuildOperationExecutor.run(Lorg/gradle/internal/operations/RunnableBuildOperation;)V (11 bytes) @ 0x000000000292a104 [0x000000000292a000+0x104]
j  org.gradle.configuration.project.LifecycleProjectEvaluator.evaluate(Lorg/gradle/api/internal/project/ProjectInternal;Lorg/gradle/api/internal/project/ProjectStateInternal;)V+22
j  org.gradle.api.internal.project.DefaultProject.evaluate()Lorg/gradle/api/internal/project/DefaultProject;+9
j  org.gradle.api.internal.project.DefaultProject.evaluate()Lorg/gradle/api/Project;+1
j  org.gradle.execution.TaskPathProjectEvaluator.configure(Lorg/gradle/api/internal/project/ProjectInternal;)V+21
j  org.gradle.execution.TaskPathProjectEvaluator.configureHierarchy(Lorg/gradle/api/internal/project/ProjectInternal;)V+41
j  org.gradle.configuration.DefaultBuildConfigurer.configure(Lorg/gradle/api/internal/GradleInternal;)V+63
j  org.gradle.initialization.DefaultGradleLauncher$ConfigureBuild.run(Lorg/gradle/internal/operations/BuildOperationContext;)V+40
J 7078 C1 org.gradle.internal.operations.DefaultBuildOperationExecutor$RunnableBuildOperationWorker.execute(Lorg/gradle/internal/operations/BuildOperation;Lorg/gradle/internal/operations/BuildOperationContext;)V (10 bytes) @ 0x0000000003d5b7e4 [0x0000000003d5b580+0x264]
J 20652 C1 org.gradle.internal.operations.DefaultBuildOperationExecutor.execute(Lorg/gradle/internal/operations/BuildOperation;Lorg/gradle/internal/operations/BuildOperationWorker;Lorg/gradle/internal/operations/DefaultBuildOperationExecutor$BuildOperationState;)V (336 bytes) @ 0x0000000005ca515c [0x0000000005ca35c0+0x1b9c]
J 8464 C1 org.gradle.internal.operations.DefaultBuildOperationExecutor.run(Lorg/gradle/internal/operations/RunnableBuildOperation;)V (32 bytes) @ 0x0000000002f927a4 [0x0000000002f922e0+0x4c4]
J 10183 C1 org.gradle.internal.operations.DelegatingBuildOperationExecutor.run(Lorg/gradle/internal/operations/RunnableBuildOperation;)V (11 bytes) @ 0x000000000292a104 [0x000000000292a000+0x104]
j  org.gradle.initialization.DefaultGradleLauncher.configureBuild()V+23
j  org.gradle.initialization.DefaultGradleLauncher.doBuildStages(Lorg/gradle/initialization/DefaultGradleLauncher$Stage;)V+13
j  org.gradle.initialization.DefaultGradleLauncher.executeTasks()Lorg/gradle/api/internal/GradleInternal;+4
j  org.gradle.internal.invocation.GradleBuildController$1.call()Lorg/gradle/api/internal/GradleInternal;+7
j  org.gradle.internal.invocation.GradleBuildController$1.call()Ljava/lang/Object;+1
J 21104 C1 org.gradle.internal.work.DefaultWorkerLeaseService.withLocks(Ljava/lang/Iterable;Ljava/util/concurrent/Callable;)Ljava/lang/Object; (62 bytes) @ 0x0000000005db5eec [0x0000000005db5dc0+0x12c]
j  org.gradle.internal.work.StopShieldingWorkerLeaseService.withLocks(Ljava/lang/Iterable;Ljava/util/concurrent/Callable;)Ljava/lang/Object;+6
j  org.gradle.internal.invocation.GradleBuildController.doBuild(Ljava/util/concurrent/Callable;)Lorg/gradle/api/internal/GradleInternal;+17
j  org.gradle.internal.invocation.GradleBuildController.run()Lorg/gradle/api/internal/GradleInternal;+9
j  org.gradle.tooling.internal.provider.runner.ClientProvidedBuildActionRunner.run(Lorg/gradle/internal/invocation/BuildAction;Lorg/gradle/internal/invocation/BuildController;)V+77
j  org.gradle.launcher.exec.ChainingBuildActionRunner.run(Lorg/gradle/internal/invocation/BuildAction;Lorg/gradle/internal/invocation/BuildController;)V+34
j  org.gradle.launcher.exec.ChainingBuildActionRunner.run(Lorg/gradle/internal/invocation/BuildAction;Lorg/gradle/internal/invocation/BuildController;)V+34
j  org.gradle.tooling.internal.provider.ValidatingBuildActionRunner.run(Lorg/gradle/internal/invocation/BuildAction;Lorg/gradle/internal/invocation/BuildController;)V+6
j  org.gradle.launcher.exec.RunAsBuildOperationBuildActionRunner$3.run(Lorg/gradle/internal/operations/BuildOperationContext;)V+69
J 7078 C1 org.gradle.internal.operations.DefaultBuildOperationExecutor$RunnableBuildOperationWorker.execute(Lorg/gradle/internal/operations/BuildOperation;Lorg/gradle/internal/operations/BuildOperationContext;)V (10 bytes) @ 0x0000000003d5b7e4 [0x0000000003d5b580+0x264]
J 20652 C1 org.gradle.internal.operations.DefaultBuildOperationExecutor.execute(Lorg/gradle/internal/operations/BuildOperation;Lorg/gradle/internal/operations/BuildOperationWorker;Lorg/gradle/internal/operations/DefaultBuildOperationExecutor$BuildOperationState;)V (336 bytes) @ 0x0000000005ca515c [0x0000000005ca35c0+0x1b9c]
J 8464 C1 org.gradle.internal.operations.DefaultBuildOperationExecutor.run(Lorg/gradle/internal/operations/RunnableBuildOperation;)V (32 bytes) @ 0x0000000002f927a4 [0x0000000002f922e0+0x4c4]
J 10183 C1 org.gradle.internal.operations.DelegatingBuildOperationExecutor.run(Lorg/gradle/internal/operations/RunnableBuildOperation;)V (11 bytes) @ 0x000000000292a104 [0x000000000292a000+0x104]
j  org.gradle.launcher.exec.RunAsBuildOperationBuildActionRunner.run(Lorg/gradle/internal/invocation/BuildAction;Lorg/gradle/internal/invocation/BuildController;)V+34
j  org.gradle.tooling.internal.provider.SubscribableBuildActionRunner.run(Lorg/gradle/internal/invocation/BuildAction;Lorg/gradle/internal/invocation/BuildController;)V+40
j  org.gradle.launcher.exec.InProcessBuildActionExecuter$1.transform(Lorg/gradle/internal/invocation/BuildController;)Ljava/lang/Object;+12
j  org.gradle.launcher.exec.InProcessBuildActionExecuter$1.transform(Ljava/lang/Object;)Ljava/lang/Object;+5
j  org.gradle.composite.internal.DefaultRootBuildState.run(Lorg/gradle/api/Transformer;)Ljava/lang/Object;+36
j  org.gradle.launcher.exec.InProcessBuildActionExecuter.execute(Lorg/gradle/internal/invocation/BuildAction;Lorg/gradle/initialization/BuildRequestContext;Lorg/gradle/launcher/exec/BuildActionParameters;Lorg/gradle/internal/service/ServiceRegistry;)Ljava/lang/Object;+68
j  org.gradle.launcher.exec.InProcessBuildActionExecuter.execute(Lorg/gradle/internal/invocation/BuildAction;Lorg/gradle/initialization/BuildRequestContext;Ljava/lang/Object;Lorg/gradle/internal/service/ServiceRegistry;)Ljava/lang/Object;+9
j  org.gradle.launcher.exec.BuildTreeScopeBuildActionExecuter.execute(Lorg/gradle/internal/invocation/BuildAction;Lorg/gradle/initialization/BuildRequestContext;Lorg/gradle/launcher/exec/BuildActionParameters;Lorg/gradle/internal/service/ServiceRegistry;)Ljava/lang/Object;+38
j  org.gradle.launcher.exec.BuildTreeScopeBuildActionExecuter.execute(Lorg/gradle/internal/invocation/BuildAction;Lorg/gradle/initialization/BuildRequestContext;Ljava/lang/Object;Lorg/gradle/internal/service/ServiceRegistry;)Ljava/lang/Object;+9
j  org.gradle.tooling.internal.provider.ContinuousBuildActionExecuter.execute(Lorg/gradle/internal/invocation/BuildAction;Lorg/gradle/initialization/BuildRequestContext;Lorg/gradle/launcher/exec/BuildActionParameters;Lorg/gradle/internal/service/ServiceRegistry;)Ljava/lang/Object;+63
j  org.gradle.tooling.internal.provider.ContinuousBuildActionExecuter.execute(Lorg/gradle/internal/invocation/BuildAction;Lorg/gradle/initialization/BuildRequestContext;Ljava/lang/Object;Lorg/gradle/internal/service/ServiceRegistry;)Ljava/lang/Object;+9
j  org.gradle.tooling.internal.provider.ServicesSetupBuildActionExecuter.execute(Lorg/gradle/internal/invocation/BuildAction;Lorg/gradle/initialization/BuildRequestContext;Lorg/gradle/launcher/exec/BuildActionParameters;Lorg/gradle/internal/service/ServiceRegistry;)Ljava/lang/Object;+107
j  org.gradle.tooling.internal.provider.ServicesSetupBuildActionExecuter.execute(Lorg/gradle/internal/invocation/BuildAction;Lorg/gradle/initialization/BuildRequestContext;Ljava/lang/Object;Lorg/gradle/internal/service/ServiceRegistry;)Ljava/lang/Object;+9
j  org.gradle.tooling.internal.provider.GradleThreadBuildActionExecuter.execute(Lorg/gradle/internal/invocation/BuildAction;Lorg/gradle/initialization/BuildRequestContext;Lorg/gradle/launcher/exec/BuildActionParameters;Lorg/gradle/internal/service/ServiceRegistry;)Ljava/lang/Object;+12
j  org.gradle.tooling.internal.provider.GradleThreadBuildActionExecuter.execute(Lorg/gradle/internal/invocation/BuildAction;Lorg/gradle/initialization/BuildRequestContext;Ljava/lang/Object;Lorg/gradle/internal/service/ServiceRegistry;)Ljava/lang/Object;+9
j  org.gradle.tooling.internal.provider.ParallelismConfigurationBuildActionExecuter.execute(Lorg/gradle/internal/invocation/BuildAction;Lorg/gradle/initialization/BuildRequestContext;Lorg/gradle/launcher/exec/BuildActionParameters;Lorg/gradle/internal/service/ServiceRegistry;)Ljava/lang/Object;+43
j  org.gradle.tooling.internal.provider.ParallelismConfigurationBuildActionExecuter.execute(Lorg/gradle/internal/invocation/BuildAction;Lorg/gradle/initialization/BuildRequestContext;Ljava/lang/Object;Lorg/gradle/internal/service/ServiceRegistry;)Ljava/lang/Object;+9
j  org.gradle.tooling.internal.provider.StartParamsValidatingActionExecuter.execute(Lorg/gradle/internal/invocation/BuildAction;Lorg/gradle/initialization/BuildRequestContext;Lorg/gradle/launcher/exec/BuildActionParameters;Lorg/gradle/internal/service/ServiceRegistry;)Ljava/lang/Object;+177
j  org.gradle.tooling.internal.provider.StartParamsValidatingActionExecuter.execute(Lorg/gradle/internal/invocation/BuildAction;Lorg/gradle/initialization/BuildRequestContext;Ljava/lang/Object;Lorg/gradle/internal/service/ServiceRegistry;)Ljava/lang/Object;+9
j  org.gradle.tooling.internal.provider.SessionFailureReportingActionExecuter.execute(Lorg/gradle/internal/invocation/BuildAction;Lorg/gradle/initialization/BuildRequestContext;Lorg/gradle/launcher/exec/BuildActionParameters;Lorg/gradle/internal/service/ServiceRegistry;)Ljava/lang/Object;+9
j  org.gradle.tooling.internal.provider.SessionFailureReportingActionExecuter.execute(Lorg/gradle/internal/invocation/BuildAction;Lorg/gradle/initialization/BuildRequestContext;Ljava/lang/Object;Lorg/gradle/internal/service/ServiceRegistry;)Ljava/lang/Object;+9
j  org.gradle.tooling.internal.provider.SetupLoggingActionExecuter.execute(Lorg/gradle/internal/invocation/BuildAction;Lorg/gradle/initialization/BuildRequestContext;Lorg/gradle/launcher/exec/BuildActionParameters;Lorg/gradle/internal/service/ServiceRegistry;)Ljava/lang/Object;+52
j  org.gradle.tooling.internal.provider.SetupLoggingActionExecuter.execute(Lorg/gradle/internal/invocation/BuildAction;Lorg/gradle/initialization/BuildRequestContext;Ljava/lang/Object;Lorg/gradle/internal/service/ServiceRegistry;)Ljava/lang/Object;+9
j  org.gradle.launcher.daemon.server.exec.ExecuteBuild.doBuild(Lorg/gradle/launcher/daemon/server/api/DaemonCommandExecution;Lorg/gradle/launcher/daemon/protocol/Build;)V+114
j  org.gradle.launcher.daemon.server.exec.BuildCommandOnly.execute(Lorg/gradle/launcher/daemon/server/api/DaemonCommandExecution;)V+49
j  org.gradle.launcher.daemon.server.api.DaemonCommandExecution.proceed()Z+28
j  org.gradle.launcher.daemon.server.exec.WatchForDisconnection.execute(Lorg/gradle/launcher/daemon/server/api/DaemonCommandExecution;)V+19
j  org.gradle.launcher.daemon.server.api.DaemonCommandExecution.proceed()Z+28
j  org.gradle.launcher.daemon.server.exec.ResetDeprecationLogger.execute(Lorg/gradle/launcher/daemon/server/api/DaemonCommandExecution;)V+4
j  org.gradle.launcher.daemon.server.api.DaemonCommandExecution.proceed()Z+28
j  org.gradle.launcher.daemon.server.exec.RequestStopIfSingleUsedDaemon.execute(Lorg/gradle/launcher/daemon/server/api/DaemonCommandExecution;)V+33
j  org.gradle.launcher.daemon.server.api.DaemonCommandExecution.proceed()Z+28
j  org.gradle.launcher.daemon.server.exec.ForwardClientInput$2.call()Ljava/lang/Void;+4
j  org.gradle.launcher.daemon.server.exec.ForwardClientInput$2.call()Ljava/lang/Object;+1
j  org.gradle.util.Swapper.swap(Ljava/lang/Object;Ljava/util/concurrent/Callable;)Ljava/lang/Object;+21
j  org.gradle.launcher.daemon.server.exec.ForwardClientInput.execute(Lorg/gradle/launcher/daemon/server/api/DaemonCommandExecution;)V+63
j  org.gradle.launcher.daemon.server.api.DaemonCommandExecution.proceed()Z+28
j  org.gradle.launcher.daemon.server.exec.LogAndCheckHealth.execute(Lorg/gradle/launcher/daemon/server/api/DaemonCommandExecution;)V+28
j  org.gradle.launcher.daemon.server.api.DaemonCommandExecution.proceed()Z+28
j  org.gradle.launcher.daemon.server.exec.LogToClient.doBuild(Lorg/gradle/launcher/daemon/server/api/DaemonCommandExecution;Lorg/gradle/launcher/daemon/protocol/Build;)V+87
j  org.gradle.launcher.daemon.server.exec.BuildCommandOnly.execute(Lorg/gradle/launcher/daemon/server/api/DaemonCommandExecution;)V+49
j  org.gradle.launcher.daemon.server.api.DaemonCommandExecution.proceed()Z+28
j  org.gradle.launcher.daemon.server.exec.EstablishBuildEnvironment.doBuild(Lorg/gradle/launcher/daemon/server/api/DaemonCommandExecution;Lorg/gradle/launcher/daemon/protocol/Build;)V+365
j  org.gradle.launcher.daemon.server.exec.BuildCommandOnly.execute(Lorg/gradle/launcher/daemon/server/api/DaemonCommandExecution;)V+49
j  org.gradle.launcher.daemon.server.api.DaemonCommandExecution.proceed()Z+28
j  org.gradle.launcher.daemon.server.exec.StartBuildOrRespondWithBusy$1.run()V+44
j  org.gradle.launcher.daemon.server.DaemonStateCoordinator$1.run()V+4
J 22077 C1 org.gradle.internal.concurrent.ManagedExecutorImpl$1.run()V (59 bytes) @ 0x0000000005effb0c [0x0000000005eff600+0x50c]
j  java.util.concurrent.ThreadPoolExecutor.runWorker(Ljava/util/concurrent/ThreadPoolExecutor$Worker;)V+95
j  java.util.concurrent.ThreadPoolExecutor$Worker.run()V+5
j  org.gradle.internal.concurrent.ThreadFactoryImpl$ManagedThreadRunnable.run()V+7
j  java.lang.Thread.run()V+11
v  ~StubRoutines::call_stub

---------------  P R O C E S S  ---------------

Java Threads: ( => current thread )
  0x000000001bae9800 JavaThread "Build operations Thread 4" [_thread_blocked, id=3916, stack(0x000000001fa40000,0x000000001fb40000)]
  0x000000001bae7800 JavaThread "Build operations Thread 3" [_thread_blocked, id=7724, stack(0x000000001e050000,0x000000001e150000)]
  0x000000001bae6000 JavaThread "Build operations Thread 2" [_thread_blocked, id=8000, stack(0x000000001d850000,0x000000001d950000)]
  0x000000001bae5000 JavaThread "Build operations" [_thread_blocked, id=2364, stack(0x000000001a6e0000,0x000000001a7e0000)]
  0x000000001bae6800 JavaThread "Cache worker for cache directory md-rule (C:\Users\Burhanuddin Rashid\.gradle\caches\4.10.1\md-rule)" [_thread_blocked, id=4040, stack(0x000000001a5e0000,0x000000001a6e0000)]
  0x000000001bae1800 JavaThread "Cache worker for cache directory md-supplier (C:\Users\Burhanuddin Rashid\.gradle\caches\4.10.1\md-supplier)" [_thread_blocked, id=2464, stack(0x000000001a4e0000,0x000000001a5e0000)]
  0x000000001bae4800 JavaThread "Cache worker for file hash cache (E:\workspace\PDF\.gradle\4.10.1\fileHashes)" [_thread_blocked, id=3340, stack(0x000000001a3e0000,0x000000001a4e0000)]
  0x000000001bae3800 JavaThread "Stdin handler" [_thread_blocked, id=7896, stack(0x000000001a0e0000,0x000000001a1e0000)]
  0x000000001bae3000 JavaThread "Asynchronous log dispatcher for DefaultDaemonConnection: socket connection from /127.0.0.1:54049 to /127.0.0.1:54225" [_thread_blocked, id=7544, stack(0x0000000019fe0000,0x000000001a0e0000)]
=>0x000000001bae2000 JavaThread "Daemon worker Thread 3" [_thread_in_native, id=6708, stack(0x0000000000610000,0x0000000000710000)]
  0x000000001badc000 JavaThread "Cancel handler" [_thread_blocked, id=6392, stack(0x0000000000510000,0x0000000000610000)]
  0x000000001badd000 JavaThread "Handler for socket connection from /127.0.0.1:54049 to /127.0.0.1:54225" [_thread_in_native, id=7628, stack(0x0000000000310000,0x0000000000410000)]
  0x000000001bade800 JavaThread "Daemon Thread 3" [_thread_blocked, id=2084, stack(0x0000000000010000,0x0000000000110000)]
  0x000000001badd800 JavaThread "RMI RenewClean-[127.0.0.1:17234,org.jetbrains.kotlin.daemon.common.LoopbackNetworkInterface$ClientLoopbackSocketFactory@6acc7c8]" daemon [_thread_blocked, id=2732, stack(0x0000000023770000,0x0000000023870000)]
  0x000000001badb000 JavaThread "RMI RenewClean-[127.0.0.1:17234,org.jetbrains.kotlin.daemon.common.LoopbackNetworkInterface$ClientLoopbackSocketFactory@37d56722]" daemon [_thread_blocked, id=1844, stack(0x0000000023670000,0x0000000023770000)]
  0x000000001b0f2000 JavaThread "Cache worker for Java compile cache (C:\Users\Burhanuddin Rashid\.gradle\caches\4.10.1\javaCompile)" [_thread_blocked, id=6668, stack(0x0000000023c70000,0x0000000023d70000)]
  0x000000001b0f0800 JavaThread "RMI Reaper" [_thread_blocked, id=7116, stack(0x0000000024670000,0x0000000024770000)]
  0x000000001b0ec800 JavaThread "RMI TCP Accept-0" daemon [_thread_in_native, id=3660, stack(0x0000000024570000,0x0000000024670000)]
  0x000000001b0ef000 JavaThread "GC Daemon" daemon [_thread_blocked, id=6424, stack(0x0000000024270000,0x0000000024370000)]
  0x000000001b0ed800 JavaThread "RMI Scheduler(0)" daemon [_thread_blocked, id=7136, stack(0x0000000000410000,0x0000000000510000)]
  0x000000001bae0800 JavaThread "Cache worker for file content cache (C:\Users\Burhanuddin Rashid\.gradle\caches\4.10.1\fileContent)" [_thread_blocked, id=6884, stack(0x00000000201b0000,0x00000000202b0000)]
  0x000000001bae0000 JavaThread "Memory manager" [_thread_blocked, id=3120, stack(0x000000001fe40000,0x000000001ff40000)]
  0x000000001e76c000 JavaThread "Cache worker for Artifact transforms cache (C:\Users\Burhanuddin Rashid\.gradle\caches\transforms-1)" [_thread_blocked, id=2552, stack(0x0000000020390000,0x0000000020490000)]
  0x000000001e769000 JavaThread "Cache worker for journal cache (C:\Users\Burhanuddin Rashid\.gradle\caches\journal-1)" [_thread_blocked, id=1116, stack(0x000000001d950000,0x000000001da50000)]
  0x000000001be68800 JavaThread "File lock request listener" [_thread_in_native, id=3788, stack(0x000000001d750000,0x000000001d850000)]
  0x0000000019284000 JavaThread "Cache worker for file hash cache (C:\Users\Burhanuddin Rashid\.gradle\caches\4.10.1\fileHashes)" [_thread_blocked, id=5644, stack(0x000000001f340000,0x000000001f440000)]
  0x0000000019041000 JavaThread "Daemon periodic checks" [_thread_blocked, id=6996, stack(0x0000000019ee0000,0x0000000019fe0000)]
  0x000000001903d800 JavaThread "Incoming local TCP Connector on port 54049" [_thread_in_native, id=560, stack(0x0000000019cf0000,0x0000000019df0000)]
  0x0000000017a47000 JavaThread "Service Thread" daemon [_thread_blocked, id=2004, stack(0x0000000017e40000,0x0000000017f40000)]
  0x000000001615e000 JavaThread "C1 CompilerThread2" daemon [_thread_blocked, id=816, stack(0x0000000017940000,0x0000000017a40000)]
  0x0000000016159000 JavaThread "C2 CompilerThread1" daemon [_thread_in_native, id=6196, stack(0x0000000017840000,0x0000000017940000)]
  0x00000000160fa000 JavaThread "C2 CompilerThread0" daemon [_thread_blocked, id=3212, stack(0x0000000017740000,0x0000000017840000)]
  0x00000000160f9000 JavaThread "Attach Listener" daemon [_thread_blocked, id=2568, stack(0x0000000017640000,0x0000000017740000)]
  0x0000000016105800 JavaThread "Signal Dispatcher" daemon [_thread_blocked, id=6416, stack(0x0000000017540000,0x0000000017640000)]
  0x00000000026eb800 JavaThread "Finalizer" daemon [_thread_blocked, id=1916, stack(0x0000000017360000,0x0000000017460000)]
  0x00000000026e0000 JavaThread "Reference Handler" daemon [_thread_blocked, id=7496, stack(0x0000000017260000,0x0000000017360000)]
  0x000000000277e000 JavaThread "main" [_thread_blocked, id=6856, stack(0x0000000000dc0000,0x0000000000ec0000)]

Other Threads:
  0x00000000160c8000 VMThread [stack: 0x0000000017160000,0x0000000017260000] [id=4548]
  0x0000000017a49000 WatcherThread [stack: 0x0000000017f40000,0x0000000018040000] [id=8084]

VM state:not at safepoint (normal execution)

VM Mutex/Monitor currently owned by a thread: None

Heap:
 PSYoungGen      total 490496K, used 296300K [0x00000000e0000000, 0x00000000ffd80000, 0x0000000100000000)
  eden space 462336K, 61% used [0x00000000e0000000,0x00000000f178bc50,0x00000000fc380000)
  from space 28160K, 35% used [0x00000000fe200000,0x00000000febcf4d0,0x00000000ffd80000)
  to   space 29696K, 0% used [0x00000000fc380000,0x00000000fc380000,0x00000000fe080000)
 ParOldGen       total 157696K, used 60770K [0x00000000a0000000, 0x00000000a9a00000, 0x00000000e0000000)
  object space 157696K, 38% used [0x00000000a0000000,0x00000000a3b58b08,0x00000000a9a00000)
 Metaspace       used 100346K, capacity 104658K, committed 104856K, reserved 1140736K
  class space    used 12812K, capacity 13702K, committed 13744K, reserved 1048576K

Card table byte_map: [0x0000000011b50000,0x0000000011e60000] byte_map_base: 0x0000000011650000

Marking Bits: (ParMarkBitMap*) 0x0000000064405aa0
 Begin Bits: [0x0000000012460000, 0x0000000013c60000)
 End Bits:   [0x0000000013c60000, 0x0000000015460000)

Polling page: 0x0000000000c70000

CodeCache: size=245760Kb used=57700Kb max_used=57819Kb free=188059Kb
 bounds [0x0000000002790000, 0x0000000006070000, 0x0000000011790000]
 total_blobs=19084 nmethods=18181 adapters=812
 compilation: enabled

Compilation events (10 events):
Event: 867.710 Thread 0x000000001615e000 nmethod 22526 0x0000000005de8090 code [0x0000000005de81e0, 0x0000000005de8330]
Event: 867.712 Thread 0x000000001615e000 22527       3       com.google.gson.GsonBuilder::registerTypeAdapter (122 bytes)
Event: 867.713 Thread 0x000000001615e000 nmethod 22527 0x0000000005f204d0 code [0x0000000005f20740, 0x0000000005f21c28]
Event: 867.713 Thread 0x000000001615e000 22528       3       com.google.gson.internal.bind.TypeAdapters::newFactory (10 bytes)
Event: 867.713 Thread 0x000000001615e000 nmethod 22528 0x0000000005f50cd0 code [0x0000000005f50e40, 0x0000000005f510b0]
Event: 867.715 Thread 0x00000000160fa000 22529       4       org.gradle.api.internal.DefaultDomainObjectCollection::<init> (45 bytes)
Event: 867.717 Thread 0x00000000160fa000 nmethod 22529 0x0000000005de7d50 code [0x0000000005de7ea0, 0x0000000005de7fb8]
Event: 867.722 Thread 0x0000000016159000 22530       4       org.gradle.api.internal.artifacts.configurations.DefaultConfiguration::notifyChildren (40 bytes)
Event: 867.722 Thread 0x00000000160fa000 22531       4       org.gradle.api.internal.artifacts.ivyservice.moduleconverter.DefaultRootComponentMetadataBuilder$MetadataHolder::validateMutation (27 bytes)
Event: 867.722 Thread 0x00000000160fa000 nmethod 22531 0x0000000002d63790 code [0x0000000002d638e0, 0x0000000002d63978]

GC Heap History (10 events):
Event: 58.658 GC heap before
{Heap before GC invocations=28 (full 3):
 PSYoungGen      total 488448K, used 482957K [0x00000000e0000000, 0x0000000100000000, 0x0000000100000000)
  eden space 457728K, 99% used [0x00000000e0000000,0x00000000fbedb1d0,0x00000000fbf00000)
  from space 30720K, 82% used [0x00000000fe200000,0x00000000ffac83c8,0x0000000100000000)
  to   space 33280K, 0% used [0x00000000fbf00000,0x00000000fbf00000,0x00000000fdf80000)
 ParOldGen       total 119808K, used 62348K [0x00000000a0000000, 0x00000000a7500000, 0x00000000e0000000)
  object space 119808K, 52% used [0x00000000a0000000,0x00000000a3ce3228,0x00000000a7500000)
 Metaspace       used 93923K, capacity 97598K, committed 97816K, reserved 1134592K
  class space    used 12247K, capacity 12998K, committed 13104K, reserved 1048576K
Event: 58.682 GC heap after
Heap after GC invocations=28 (full 3):
 PSYoungGen      total 491008K, used 9499K [0x00000000e0000000, 0x0000000100000000, 0x0000000100000000)
  eden space 457728K, 0% used [0x00000000e0000000,0x00000000e0000000,0x00000000fbf00000)
  from space 33280K, 28% used [0x00000000fbf00000,0x00000000fc846d38,0x00000000fdf80000)
  to   space 32768K, 0% used [0x00000000fe000000,0x00000000fe000000,0x0000000100000000)
 ParOldGen       total 119808K, used 62356K [0x00000000a0000000, 0x00000000a7500000, 0x00000000e0000000)
  object space 119808K, 52% used [0x00000000a0000000,0x00000000a3ce5228,0x00000000a7500000)
 Metaspace       used 93923K, capacity 97598K, committed 97816K, reserved 1134592K
  class space    used 12247K, capacity 12998K, committed 13104K, reserved 1048576K
}
Event: 59.323 GC heap before
{Heap before GC invocations=29 (full 3):
 PSYoungGen      total 491008K, used 466457K [0x00000000e0000000, 0x0000000100000000, 0x0000000100000000)
  eden space 457728K, 99% used [0x00000000e0000000,0x00000000fbe3f750,0x00000000fbf00000)
  from space 33280K, 28% used [0x00000000fbf00000,0x00000000fc846d38,0x00000000fdf80000)
  to   space 32768K, 0% used [0x00000000fe000000,0x00000000fe000000,0x0000000100000000)
 ParOldGen       total 119808K, used 62356K [0x00000000a0000000, 0x00000000a7500000, 0x00000000e0000000)
  object space 119808K, 52% used [0x00000000a0000000,0x00000000a3ce5228,0x00000000a7500000)
 Metaspace       used 94685K, capacity 98510K, committed 98600K, reserved 1134592K
  class space    used 12361K, capacity 13148K, committed 13232K, reserved 1048576K
Event: 59.347 GC heap after
Heap after GC invocations=29 (full 3):
 PSYoungGen      total 487424K, used 13010K [0x00000000e0000000, 0x00000000ffc80000, 0x0000000100000000)
  eden space 458240K, 0% used [0x00000000e0000000,0x00000000e0000000,0x00000000fbf80000)
  from space 29184K, 44% used [0x00000000fe000000,0x00000000fecb4910,0x00000000ffc80000)
  to   space 31232K, 0% used [0x00000000fbf80000,0x00000000fbf80000,0x00000000fde00000)
 ParOldGen       total 119808K, used 62356K [0x00000000a0000000, 0x00000000a7500000, 0x00000000e0000000)
  object space 119808K, 52% used [0x00000000a0000000,0x00000000a3ce5228,0x00000000a7500000)
 Metaspace       used 94685K, capacity 98510K, committed 98600K, reserved 1134592K
  class space    used 12361K, capacity 13148K, committed 13232K, reserved 1048576K
}
Event: 59.489 GC heap before
{Heap before GC invocations=30 (full 3):
 PSYoungGen      total 487424K, used 429362K [0x00000000e0000000, 0x00000000ffc80000, 0x0000000100000000)
  eden space 458240K, 90% used [0x00000000e0000000,0x00000000f9698118,0x00000000fbf80000)
  from space 29184K, 44% used [0x00000000fe000000,0x00000000fecb4910,0x00000000ffc80000)
  to   space 31232K, 0% used [0x00000000fbf80000,0x00000000fbf80000,0x00000000fde00000)
 ParOldGen       total 119808K, used 62356K [0x00000000a0000000, 0x00000000a7500000, 0x00000000e0000000)
  object space 119808K, 52% used [0x00000000a0000000,0x00000000a3ce5228,0x00000000a7500000)
 Metaspace       used 94710K, capacity 98542K, committed 98600K, reserved 1134592K
  class space    used 12363K, capacity 13180K, committed 13232K, reserved 1048576K
Event: 59.508 GC heap after
Heap after GC invocations=30 (full 3):
 PSYoungGen      total 489472K, used 7778K [0x00000000e0000000, 0x0000000100000000, 0x0000000100000000)
  eden space 458240K, 0% used [0x00000000e0000000,0x00000000e0000000,0x00000000fbf80000)
  from space 31232K, 24% used [0x00000000fbf80000,0x00000000fc718ac0,0x00000000fde00000)
  to   space 30720K, 0% used [0x00000000fe200000,0x00000000fe200000,0x0000000100000000)
 ParOldGen       total 119808K, used 62364K [0x00000000a0000000, 0x00000000a7500000, 0x00000000e0000000)
  object space 119808K, 52% used [0x00000000a0000000,0x00000000a3ce7228,0x00000000a7500000)
 Metaspace       used 94710K, capacity 98542K, committed 98600K, reserved 1134592K
  class space    used 12363K, capacity 13180K, committed 13232K, reserved 1048576K
}
Event: 59.508 GC heap before
{Heap before GC invocations=31 (full 4):
 PSYoungGen      total 489472K, used 7778K [0x00000000e0000000, 0x0000000100000000, 0x0000000100000000)
  eden space 458240K, 0% used [0x00000000e0000000,0x00000000e0000000,0x00000000fbf80000)
  from space 31232K, 24% used [0x00000000fbf80000,0x00000000fc718ac0,0x00000000fde00000)
  to   space 30720K, 0% used [0x00000000fe200000,0x00000000fe200000,0x0000000100000000)
 ParOldGen       total 119808K, used 62364K [0x00000000a0000000, 0x00000000a7500000, 0x00000000e0000000)
  object space 119808K, 52% used [0x00000000a0000000,0x00000000a3ce7228,0x00000000a7500000)
 Metaspace       used 94710K, capacity 98542K, committed 98600K, reserved 1134592K
  class space    used 12363K, capacity 13180K, committed 13232K, reserved 1048576K
Event: 59.788 GC heap after
Heap after GC invocations=31 (full 4):
 PSYoungGen      total 489472K, used 0K [0x00000000e0000000, 0x0000000100000000, 0x0000000100000000)
  eden space 458240K, 0% used [0x00000000e0000000,0x00000000e0000000,0x00000000fbf80000)
  from space 31232K, 0% used [0x00000000fbf80000,0x00000000fbf80000,0x00000000fde00000)
  to   space 30720K, 0% used [0x00000000fe200000,0x00000000fe200000,0x0000000100000000)
 ParOldGen       total 157696K, used 60762K [0x00000000a0000000, 0x00000000a9a00000, 0x00000000e0000000)
  object space 157696K, 38% used [0x00000000a0000000,0x00000000a3b56b08,0x00000000a9a00000)
 Metaspace       used 94561K, capacity 98156K, committed 98600K, reserved 1134592K
  class space    used 12311K, capacity 13089K, committed 13232K, reserved 1048576K
}
Event: 460.255 GC heap before
{Heap before GC invocations=32 (full 4):
 PSYoungGen      total 489472K, used 458240K [0x00000000e0000000, 0x0000000100000000, 0x0000000100000000)
  eden space 458240K, 100% used [0x00000000e0000000,0x00000000fbf80000,0x00000000fbf80000)
  from space 31232K, 0% used [0x00000000fbf80000,0x00000000fbf80000,0x00000000fde00000)
  to   space 30720K, 0% used [0x00000000fe200000,0x00000000fe200000,0x0000000100000000)
 ParOldGen       total 157696K, used 60762K [0x00000000a0000000, 0x00000000a9a00000, 0x00000000e0000000)
  object space 157696K, 38% used [0x00000000a0000000,0x00000000a3b56b08,0x00000000a9a00000)
 Metaspace       used 99753K, capacity 103862K, committed 104088K, reserved 1140736K
  class space    used 12773K, capacity 13632K, committed 13744K, reserved 1048576K
Event: 460.283 GC heap after
Heap after GC invocations=32 (full 4):
 PSYoungGen      total 490496K, used 10045K [0x00000000e0000000, 0x00000000ffd80000, 0x0000000100000000)
  eden space 462336K, 0% used [0x00000000e0000000,0x00000000e0000000,0x00000000fc380000)
  from space 28160K, 35% used [0x00000000fe200000,0x00000000febcf4d0,0x00000000ffd80000)
  to   space 29696K, 0% used [0x00000000fc380000,0x00000000fc380000,0x00000000fe080000)
 ParOldGen       total 157696K, used 60770K [0x00000000a0000000, 0x00000000a9a00000, 0x00000000e0000000)
  object space 157696K, 38% used [0x00000000a0000000,0x00000000a3b58b08,0x00000000a9a00000)
 Metaspace       used 99753K, capacity 103862K, committed 104088K, reserved 1140736K
  class space    used 12773K, capacity 13632K, committed 13744K, reserved 1048576K
}

Deoptimization events (10 events):
Event: 464.741 Thread 0x0000000017afc800 Uncommon trap: reason=bimorphic action=maybe_recompile pc=0x0000000003e379a8 method=org.gradle.api.internal.changedetection.state.AbstractScalarValueSnapshot.equals(Ljava/lang/Object;)Z @ 37
Event: 464.789 Thread 0x0000000017afc800 Uncommon trap: reason=speculate_class_check action=maybe_recompile pc=0x0000000003335998 method=java.lang.StringCoding.encode(Ljava/nio/charset/Charset;[CII)[B @ 91
Event: 464.789 Thread 0x0000000017afc800 Uncommon trap: reason=speculate_class_check action=maybe_recompile pc=0x0000000003335998 method=java.lang.StringCoding.encode(Ljava/nio/charset/Charset;[CII)[B @ 91
Event: 465.006 Thread 0x000000001bae1800 Uncommon trap: reason=array_check action=maybe_recompile pc=0x0000000005b704d4 method=java.util.TimSort.mergeLo(IIII)V @ 81
Event: 465.006 Thread 0x000000001bae1800 Uncommon trap: reason=array_check action=maybe_recompile pc=0x0000000005b704d4 method=java.util.TimSort.mergeLo(IIII)V @ 81
Event: 465.566 Thread 0x0000000017b00000 Uncommon trap: reason=unstable_if action=reinterpret pc=0x00000000045b752c method=java.lang.StringCoding$StringDecoder.decode([BII)[C @ 33
Event: 465.581 Thread 0x0000000017b00000 Uncommon trap: reason=speculate_class_check action=maybe_recompile pc=0x0000000005f77fbc method=java.lang.StringCoding.encode(Ljava/nio/charset/Charset;[CII)[B @ 99
Event: 465.583 Thread 0x0000000017b00000 Uncommon trap: reason=speculate_class_check action=maybe_recompile pc=0x0000000005f77fbc method=java.lang.StringCoding.encode(Ljava/nio/charset/Charset;[CII)[B @ 99
Event: 466.198 Thread 0x0000000017af4000 Uncommon trap: reason=unstable_if action=reinterpret pc=0x0000000005eb62b4 method=org.gradle.internal.logging.slf4j.OutputEventListenerBackedLogger.debug(Ljava/lang/String;Ljava/lang/Object;)V @ 4
Event: 466.219 Thread 0x000000001b0ef800 Uncommon trap: reason=unstable_if action=reinterpret pc=0x0000000003143160 method=com.esotericsoftware.kryo.io.Input.require(I)I @ 117

Classes redefined (0 events):
No events

Internal exceptions (10 events):
Event: 461.347 Thread 0x0000000017af8800 Exception <a 'sun/nio/fs/WindowsException'> (0x00000000e477a978) thrown at [D:\src\AOSP-openjdk-cygwin\jdk8u\hotspot\src\share\vm\prims\jni.cpp, line 709]
Event: 461.388 Thread 0x0000000017af8800 Exception <a 'java/lang/reflect/InvocationTargetException'> (0x00000000e49cf428) thrown at [D:\src\AOSP-openjdk-cygwin\jdk8u\hotspot\src\share\vm\runtime\reflection.cpp, line 1092]
Event: 461.388 Thread 0x0000000017af8800 Exception <a 'java/lang/reflect/InvocationTargetException'> (0x00000000e49d1d38) thrown at [D:\src\AOSP-openjdk-cygwin\jdk8u\hotspot\src\share\vm\runtime\reflection.cpp, line 1092]
Event: 462.274 Thread 0x000000001badb000 Exception <a 'java/lang/InterruptedException'> (0x00000000e7d1f208) thrown at [D:\src\AOSP-openjdk-cygwin\jdk8u\hotspot\src\share\vm\runtime\objectMonitor.cpp, line 1684]
Event: 462.719 Thread 0x000000001badd800 Exception <a 'java/lang/InterruptedException'> (0x00000000e8d5fca8) thrown at [D:\src\AOSP-openjdk-cygwin\jdk8u\hotspot\src\share\vm\runtime\objectMonitor.cpp, line 1684]
Event: 464.814 Thread 0x000000001bade800 Exception <a 'sun/nio/fs/WindowsException'> (0x00000000e9ab4640) thrown at [D:\src\AOSP-openjdk-cygwin\jdk8u\hotspot\src\share\vm\prims\jni.cpp, line 709]
Event: 464.837 Thread 0x000000001bade800 Exception <a 'sun/nio/fs/WindowsException'> (0x00000000e9ce8990) thrown at [D:\src\AOSP-openjdk-cygwin\jdk8u\hotspot\src\share\vm\prims\jni.cpp, line 709]
Event: 464.927 Thread 0x000000001bae4800 Exception <a 'sun/nio/fs/WindowsException'> (0x00000000e9fa0688) thrown at [D:\src\AOSP-openjdk-cygwin\jdk8u\hotspot\src\share\vm\prims\jni.cpp, line 709]
Event: 465.017 Thread 0x000000001bae1800 Exception <a 'sun/nio/fs/WindowsException'> (0x00000000eaae8768) thrown at [D:\src\AOSP-openjdk-cygwin\jdk8u\hotspot\src\share\vm\prims\jni.cpp, line 709]
Event: 867.713 Thread 0x000000001bae2000 Exception <a 'sun/nio/fs/WindowsException'> (0x00000000f165d200) thrown at [D:\src\AOSP-openjdk-cygwin\jdk8u\hotspot\src\share\vm\prims\jni.cpp, line 709]

Events (10 events):
Event: 867.524 Thread 0x000000001615e000 flushing nmethod 0x0000000005f509d0
Event: 867.524 Thread 0x000000001615e000 flushing nmethod 0x0000000005f77410
Event: 867.608 Thread 0x000000001bae5000 Thread added: 0x000000001bae5000
Event: 867.608 Thread 0x000000001bae6000 Thread added: 0x000000001bae6000
Event: 867.608 Thread 0x000000001bae7800 Thread added: 0x000000001bae7800
Event: 867.609 Executing VM operation: RevokeBias
Event: 867.609 Executing VM operation: RevokeBias done
Event: 867.609 Executing VM operation: RevokeBias
Event: 867.609 Thread 0x000000001bae9800 Thread added: 0x000000001bae9800
Event: 867.609 Executing VM operation: RevokeBias done


Dynamic libraries:
0x00007ff727cb0000 - 0x00007ff727ce1000 	C:\Program Files\Android\Android Studio\jre\bin\java.exe
0x00007ff898360000 - 0x00007ff89850d000 	C:\Windows\SYSTEM32\ntdll.dll
0x00007ff896620000 - 0x00007ff89675e000 	C:\Windows\system32\KERNEL32.DLL
0x00007ff895870000 - 0x00007ff895986000 	C:\Windows\system32\KERNELBASE.dll
0x00007ff8959f0000 - 0x00007ff895a9a000 	C:\Windows\system32\ADVAPI32.dll
0x00007ff895c80000 - 0x00007ff895df7000 	C:\Windows\system32\USER32.dll
0x00007ff893080000 - 0x00007ff8932fb000 	C:\Windows\WinSxS\amd64_microsoft.windows.common-controls_6595b64144ccf1df_6.0.9600.18006_none_623f33d3ecbe86e8\COMCTL32.dll
0x00007ff8982b0000 - 0x00007ff89835a000 	C:\Windows\system32\msvcrt.dll
0x00007ff896970000 - 0x00007ff8969c9000 	C:\Windows\SYSTEM32\sechost.dll
0x00007ff8964e0000 - 0x00007ff896620000 	C:\Windows\system32\RPCRT4.dll
0x00007ff896820000 - 0x00007ff89696c000 	C:\Windows\system32\GDI32.dll
0x00007ff8955b0000 - 0x00007ff8955de000 	C:\Windows\system32\SspiCli.dll
0x00007ff895e00000 - 0x00007ff895e36000 	C:\Windows\system32\IMM32.DLL
0x00007ff896b50000 - 0x00007ff896ca1000 	C:\Windows\system32\MSCTF.dll
0x0000000063a80000 - 0x0000000063b52000 	C:\Program Files\Android\Android Studio\jre\jre\bin\msvcr100.dll
0x0000000063c40000 - 0x0000000064481000 	C:\Program Files\Android\Android Studio\jre\jre\bin\server\jvm.dll
0x00007ff88a370000 - 0x00007ff88a379000 	C:\Windows\SYSTEM32\WSOCK32.dll
0x00007ff889b40000 - 0x00007ff889b62000 	C:\Windows\SYSTEM32\WINMM.dll
0x00007ff8923e0000 - 0x00007ff8923ea000 	C:\Windows\SYSTEM32\VERSION.dll
0x00007ff896b40000 - 0x00007ff896b47000 	C:\Windows\system32\PSAPI.DLL
0x00007ff896ae0000 - 0x00007ff896b3a000 	C:\Windows\system32\WS2_32.dll
0x00007ff889ab0000 - 0x00007ff889ada000 	C:\Windows\SYSTEM32\WINMMBASE.dll
0x00007ff896ad0000 - 0x00007ff896ad9000 	C:\Windows\system32\NSI.dll
0x00007ff895560000 - 0x00007ff8955af000 	C:\Windows\SYSTEM32\cfgmgr32.dll
0x00007ff894220000 - 0x00007ff894248000 	C:\Windows\SYSTEM32\DEVOBJ.dll
0x00007ff8914e0000 - 0x00007ff8914ef000 	C:\Program Files\Android\Android Studio\jre\jre\bin\verify.dll
0x00007ff88e620000 - 0x00007ff88e649000 	C:\Program Files\Android\Android Studio\jre\jre\bin\java.dll
0x00007ff8914c0000 - 0x00007ff8914d6000 	C:\Program Files\Android\Android Studio\jre\jre\bin\zip.dll
0x00007ff896cb0000 - 0x00007ff8981db000 	C:\Windows\system32\SHELL32.dll
0x00007ff8960c0000 - 0x00007ff8962d0000 	C:\Windows\SYSTEM32\combase.dll
0x00007ff896a70000 - 0x00007ff896ac4000 	C:\Windows\system32\SHLWAPI.dll
0x00007ff8939a0000 - 0x00007ff893a52000 	C:\Windows\SYSTEM32\SHCORE.dll
0x00007ff895490000 - 0x00007ff8954a5000 	C:\Windows\SYSTEM32\profapi.dll
0x00007ff8912a0000 - 0x00007ff8912ba000 	C:\Program Files\Android\Android Studio\jre\jre\bin\net.dll
0x00007ff894cc0000 - 0x00007ff894d19000 	C:\Windows\system32\mswsock.dll
0x00007ff8900e0000 - 0x00007ff8900f1000 	C:\Program Files\Android\Android Studio\jre\jre\bin\nio.dll
0x00007ff8918d0000 - 0x00007ff8918ee000 	C:\Users\Burhanuddin Rashid\.gradle\native\25\windows-amd64\native-platform.dll
0x00007ff890770000 - 0x00007ff89077d000 	C:\Program Files\Android\Android Studio\jre\jre\bin\management.dll
0x00007ff894d20000 - 0x00007ff894d40000 	C:\Windows\SYSTEM32\CRYPTSP.dll
0x00007ff894940000 - 0x00007ff894976000 	C:\Windows\system32\rsaenh.dll
0x00007ff894f70000 - 0x00007ff894f96000 	C:\Windows\SYSTEM32\bcrypt.dll
0x00007ff894a50000 - 0x00007ff894a71000 	C:\Windows\SYSTEM32\USERENV.dll
0x00007ff8952f0000 - 0x00007ff895353000 	C:\Windows\system32\bcryptprimitives.dll
0x00007ff895360000 - 0x00007ff89536b000 	C:\Windows\SYSTEM32\CRYPTBASE.dll
0x00007ff892360000 - 0x00007ff89238a000 	C:\Windows\SYSTEM32\IPHLPAPI.DLL
0x00007ff8923d0000 - 0x00007ff8923da000 	C:\Windows\SYSTEM32\WINNSI.DLL
0x00007ff88e1c0000 - 0x00007ff88e1d6000 	C:\Windows\SYSTEM32\dhcpcsvc6.DLL
0x00007ff8907a0000 - 0x00007ff8907ba000 	C:\Windows\SYSTEM32\dhcpcsvc.DLL
0x00007ff894760000 - 0x00007ff894792000 	C:\Windows\SYSTEM32\ntmarta.dll
0x00007ff893fd0000 - 0x00007ff89405e000 	C:\Windows\system32\apphelp.dll
0x00007ff888b60000 - 0x00007ff888b7e000 	C:\Users\Burhanuddin Rashid\AppData\Local\Temp\native-platform4062500166410407318dir\native-platform.dll
0x00007ff8895f0000 - 0x00007ff889779000 	C:\Windows\SYSTEM32\dbghelp.dll

VM Arguments:
jvm_args: -Xmx1536m -Dfile.encoding=windows-1252 -Duser.country=US -Duser.language=en -Duser.variant 
java_command: org.gradle.launcher.daemon.bootstrap.GradleDaemon 4.10.1
java_class_path (initial): C:\Users\Burhanuddin Rashid\.gradle\wrapper\dists\gradle-4.10.1-all\455itskqi2qtf0v2sja68alqd\gradle-4.10.1\lib\gradle-launcher-4.10.1.jar
Launcher Type: SUN_STANDARD

Environment Variables:
PATH=C:\ProgramData\Oracle\Java\javapath;C:\Program Files\CollabNet\Subversion Client;C:\Windows\system32;C:\Windows;C:\Windows\System32\Wbem;C:\Windows\System32\WindowsPowerShell\v1.0\;C:\Android\sdk\platform-tools;C:\Program Files (x86)\gnupg\bin;C:\Program Files\Microsoft VS Code\bin;C:\Program Files\Git\cmd;F:\programFiles\php;C:\ProgramData\ComposerSetup\bin;C:\Program Files (x86)\ComposerSetup;F:\Node\;F:\Android\flutter\bin;C:\Program Files\Git\git-cmd.exe;C:\Windows\System32;F:\Node\node_modules\npm;C:\Users\Burhanuddin Rashid\AppData\Roaming\Composer\vendor\bin;C:\Users\Burhanuddin Rashid\AppData\Roaming\npm;C:\Program Files\Java\jdk1.8.0_131\bin;F:\Android\sdk\platform-tools;F:\Android\flutter\bin;C:\Program Files\Git\git-cmd.exe;C:\Windows\System32
USERNAME=MD093-Uttam
OS=Windows_NT
PROCESSOR_IDENTIFIER=Intel64 Family 6 Model 60 Stepping 3, GenuineIntel



---------------  S Y S T E M  ---------------

OS: Windows 8.1 , 64 bit Build 9600 (6.3.9600.17415)

CPU:total 4 (initial active 4) (2 cores per cpu, 2 threads per core) family 6 model 60 stepping 3, cmov, cx8, fxsr, mmx, sse, sse2, sse3, ssse3, sse4.1, sse4.2, popcnt, avx, avx2, aes, clmul, erms, lzcnt, ht, tsc, tscinvbit, bmi1, bmi2

Memory: 4k page, physical 8257560k(1396628k free), swap 16646168k(8780908k free)

vm_info: OpenJDK 64-Bit Server VM (25.152-b01) for windows-amd64 JRE (1.8.0_152-release-1248-b01), built by "builder" with MS VC++ 10.0 (VS2010)

time: Wed Mar 20 12:27:14 2019
elapsed time: 867 seconds (0d 0h 14m 27s)

