#
# A fatal error has been detected by the Java Runtime Environment:
#
#  EXCEPTION_ACCESS_VIOLATION (0xc0000005) at pc=0x0000000063cca940, pid=3048, tid=0x0000000000001dd4
#
# JRE version: OpenJDK Runtime Environment (8.0_152-b01) (build 1.8.0_152-release-1248-b01)
# Java VM: OpenJDK 64-Bit Server VM (25.152-b01 mixed mode windows-amd64 compressed oops)
# Problematic frame:
# V  [jvm.dll+0x8a940]
#
# Failed to write core dump. Minidumps are not enabled by default on client versions of Windows
#
# If you would like to submit a bug report, please visit:
#   http://bugreport.java.com/bugreport/crash.jsp
#

---------------  T H R E A D  ---------------

Current thread (0x000000000290c000):  GCTaskThread [stack: 0x0000000012660000,0x0000000012760000] [id=7636]

siginfo: ExceptionCode=0xc0000005, reading address 0x00000007f9e1fa10

Registers:
RAX=0x0000000000000001, RBX=0x00000000e34dfc80, RCX=0x00000000e34dfc80, RDX=0x00000007f9e1fa08
RSP=0x000000001275f3f8, RBP=0x0000000011e54881, RSI=0x00000000163c4980, RDI=0x00000000a090a600
R8 =0x00000000163c4980, R9 =0x0000000000000009, R10=0x0000000000000008, R11=0x00000000f0c05010
R12=0x0000000011e5484c, R13=0xff3c3f41ff3c3f41, R14=0x0000000000000000, R15=0x00000000028fd790
RIP=0x0000000063cca940, EFLAGS=0x0000000000010202

Top of Stack: (sp=0x000000001275f3f8)
0x000000001275f3f8:   000000006400ca32 00000000e34e0c48
0x000000001275f408:   0000000000000004 00000000163c4980
0x000000001275f418:   0000000064405aa0 00000000f0bfd020
0x000000001275f428:   0000000000001000 000000001275f4d8
0x000000001275f438:   00000000097e0000 0000000000000000
0x000000001275f448:   00000000163c4900 0000000011e5484c
0x000000001275f458:   000000006400cda0 00000000f0bfef60
0x000000001275f468:   0000000011e54881 00000000163c4980
0x000000001275f478:   00000000a090a600 00000000f0bfef60
0x000000001275f488:   000000006400d945 00000000e415eeb8
0x000000001275f498:   0000000011e54881 00000000163c4980
0x000000001275f4a8:   000000006400c1eb 00000000000000f0
0x000000001275f4b8:   0000000000e40000 00000000a090a51c
0x000000001275f4c8:   0000000063d2f747 00000000a090a525
0x000000001275f4d8:   00000000a090a525 00000000a090a20d
0x000000001275f4e8:   00000000a090a20d 00000000163c4980 

Instructions: (pc=0x0000000063cca940)
0x0000000063cca920:   ac 50 1d 00 48 8b 9c 24 c0 00 00 00 48 81 c4 b0
0x0000000063cca930:   00 00 00 5d c3 cc cc cc cc cc cc cc cc cc cc cc
0x0000000063cca940:   44 8b 42 08 4c 8b ca 45 85 c0 7e 0e 41 f6 c0 01
0x0000000063cca950:   75 57 41 c1 f8 03 41 8b c0 c3 79 4d 80 3d 9e 10 


Register to memory mapping:

RAX=0x0000000000000001 is an unknown value
RBX=0x00000000e34dfc80 is an oop

[error occurred during error reporting (printing register info), id 0xc0000005]

Stack: [0x0000000012660000,0x0000000012760000],  sp=0x000000001275f3f8,  free space=1020k
Native frames: (J=compiled Java code, j=interpreted, Vv=VM code, C=native code)
V  [jvm.dll+0x8a940]


---------------  P R O C E S S  ---------------

Java Threads: ( => current thread )
  0x000000001f1aa800 JavaThread "Task worker for ':' Thread 3" [_thread_blocked, id=5588, stack(0x0000000024960000,0x0000000024a60000)]
  0x000000001f1ab000 JavaThread "Task worker for ':' Thread 2" [_thread_blocked, id=4388, stack(0x0000000024860000,0x0000000024960000)]
  0x000000001f1a6000 JavaThread "Task worker for ':'" [_thread_blocked, id=7048, stack(0x0000000024760000,0x0000000024860000)]
  0x000000001f1a5000 JavaThread "Cache worker for file content cache (E:\workspace\PDF\.gradle\4.10.1\fileContent)" [_thread_blocked, id=4292, stack(0x0000000022f20000,0x0000000023020000)]
  0x000000001f1a4800 JavaThread "Cache worker for file content cache (C:\Users\Burhanuddin Rashid\.gradle\caches\4.10.1\fileContent)" [_thread_blocked, id=4800, stack(0x0000000022e20000,0x0000000022f20000)]
  0x000000001f1a7800 JavaThread "Memory manager" [_thread_blocked, id=5548, stack(0x0000000022d20000,0x0000000022e20000)]
  0x000000001f1a6800 JavaThread "Build operations Thread 4" [_thread_blocked, id=2032, stack(0x0000000021540000,0x0000000021640000)]
  0x0000000019d12800 JavaThread "Build operations Thread 3" [_thread_blocked, id=1980, stack(0x0000000021440000,0x0000000021540000)]
  0x0000000019d12000 JavaThread "Build operations Thread 2" [_thread_blocked, id=5392, stack(0x0000000021340000,0x0000000021440000)]
  0x0000000019d13800 JavaThread "Build operations" [_thread_blocked, id=7240, stack(0x0000000021240000,0x0000000021340000)]
  0x0000000019d0e000 JavaThread "Cache worker for Artifact transforms cache (C:\Users\Burhanuddin Rashid\.gradle\caches\transforms-1)" [_thread_blocked, id=6644, stack(0x0000000020d40000,0x0000000020e40000)]
  0x0000000019d11000 JavaThread "Cache worker for cache directory md-rule (C:\Users\Burhanuddin Rashid\.gradle\caches\4.10.1\md-rule)" [_thread_blocked, id=1524, stack(0x000000001f800000,0x000000001f900000)]
  0x0000000019d10800 JavaThread "Cache worker for cache directory md-supplier (C:\Users\Burhanuddin Rashid\.gradle\caches\4.10.1\md-supplier)" [_thread_blocked, id=1148, stack(0x000000001f600000,0x000000001f700000)]
  0x0000000019d0c800 JavaThread "Cache worker for journal cache (C:\Users\Burhanuddin Rashid\.gradle\caches\journal-1)" [_thread_blocked, id=3396, stack(0x000000001bdd0000,0x000000001bed0000)]
  0x0000000018ece000 JavaThread "Cache worker for file hash cache (E:\workspace\PDF\.gradle\4.10.1\fileHashes)" [_thread_blocked, id=5832, stack(0x000000001bf30000,0x000000001c030000)]
  0x00000000196a9800 JavaThread "File lock request listener" [_thread_in_native, id=2380, stack(0x000000001bcd0000,0x000000001bdd0000)]
  0x0000000018c3b800 JavaThread "Cache worker for file hash cache (C:\Users\Burhanuddin Rashid\.gradle\caches\4.10.1\fileHashes)" [_thread_blocked, id=5704, stack(0x000000001bbd0000,0x000000001bcd0000)]
  0x0000000019488000 JavaThread "Stdin handler" [_thread_blocked, id=3028, stack(0x000000001b8d0000,0x000000001b9d0000)]
  0x0000000018e38000 JavaThread "Asynchronous log dispatcher for DefaultDaemonConnection: socket connection from /127.0.0.1:54231 to /127.0.0.1:54232" [_thread_blocked, id=4080, stack(0x000000001b7d0000,0x000000001b8d0000)]
  0x0000000019b83800 JavaThread "Daemon worker" [_thread_blocked, id=1512, stack(0x000000001b4d0000,0x000000001b5d0000)]
  0x00000000196d5800 JavaThread "Cancel handler" [_thread_blocked, id=6868, stack(0x000000001b3d0000,0x000000001b4d0000)]
  0x0000000019550800 JavaThread "Handler for socket connection from /127.0.0.1:54231 to /127.0.0.1:54232" [_thread_in_native, id=780, stack(0x000000001b2d0000,0x000000001b3d0000)]
  0x0000000019550000 JavaThread "Daemon" [_thread_blocked, id=2580, stack(0x000000001b1d0000,0x000000001b2d0000)]
  0x0000000019533000 JavaThread "Daemon periodic checks" [_thread_blocked, id=704, stack(0x000000001b0d0000,0x000000001b1d0000)]
  0x00000000191d3000 JavaThread "Incoming local TCP Connector on port 54231" [_thread_in_native, id=648, stack(0x000000001aee0000,0x000000001afe0000)]
  0x0000000017c7d000 JavaThread "Service Thread" daemon [_thread_blocked, id=7840, stack(0x0000000018060000,0x0000000018160000)]
  0x0000000016401800 JavaThread "C1 CompilerThread2" daemon [_thread_blocked, id=1172, stack(0x0000000017b60000,0x0000000017c60000)]
  0x00000000163fc000 JavaThread "C2 CompilerThread1" daemon [_thread_in_native, id=1872, stack(0x0000000017a60000,0x0000000017b60000)]
  0x0000000016408800 JavaThread "C2 CompilerThread0" daemon [_thread_blocked, id=5992, stack(0x0000000017960000,0x0000000017a60000)]
  0x0000000016406800 JavaThread "Attach Listener" daemon [_thread_blocked, id=5540, stack(0x0000000017860000,0x0000000017960000)]
  0x0000000016405800 JavaThread "Signal Dispatcher" daemon [_thread_blocked, id=3200, stack(0x0000000017760000,0x0000000017860000)]
  0x00000000029eb800 JavaThread "Finalizer" daemon [_thread_blocked, id=5584, stack(0x0000000017660000,0x0000000017760000)]
  0x00000000029e0000 JavaThread "Reference Handler" daemon [_thread_blocked, id=5884, stack(0x0000000017560000,0x0000000017660000)]
  0x0000000002a8e000 JavaThread "main" [_thread_blocked, id=5876, stack(0x0000000002790000,0x0000000002890000)]

Other Threads:
  0x00000000163c8000 VMThread [stack: 0x0000000017460000,0x0000000017560000] [id=5792]
  0x0000000017c7f000 WatcherThread [stack: 0x0000000018160000,0x0000000018260000] [id=188]

=>0x000000000290c000 (exited) GCTaskThread [stack: 0x0000000012660000,0x0000000012760000] [id=7636]

VM state:at safepoint (normal execution)

VM Mutex/Monitor currently owned by a thread:  ([mutex/lock_event])
[0x0000000002a8d190] Threads_lock - owner thread: 0x00000000163c8000
[0x0000000002a8c810] Heap_lock - owner thread: 0x000000001f1aa800

Heap:
 PSYoungGen      total 209920K, used 192000K [0x00000000e0000000, 0x00000000f1d80000, 0x0000000100000000)
  eden space 192000K, 100% used [0x00000000e0000000,0x00000000ebb80000,0x00000000ebb80000)
  from space 17920K, 0% used [0x00000000ebb80000,0x00000000ebb80000,0x00000000ecd00000)
  to   space 23040K, 46% used [0x00000000f0700000,0x00000000f115f030,0x00000000f1d80000)
 ParOldGen       total 141312K, used 39500K [0x00000000a0000000, 0x00000000a8a00000, 0x00000000e0000000)
  object space 141312K, 27% used [0x00000000a0000000,0x00000000a26931a8,0x00000000a8a00000)
 Metaspace       used 63771K, capacity 65610K, committed 65816K, reserved 1105920K
  class space    used 8685K, capacity 9160K, committed 9264K, reserved 1048576K

Card table byte_map: [0x0000000011e50000,0x0000000012160000] byte_map_base: 0x0000000011950000

Marking Bits: (ParMarkBitMap*) 0x0000000064405aa0
 Begin Bits: [0x0000000012760000, 0x0000000013f60000)
 End Bits:   [0x0000000013f60000, 0x0000000015760000)

Polling page: 0x0000000000e10000

CodeCache: size=245760Kb used=22535Kb max_used=22546Kb free=223225Kb
 bounds [0x0000000002a90000, 0x00000000040b0000, 0x0000000011a90000]
 total_blobs=7874 nmethods=7090 adapters=697
 compilation: enabled

Compilation events (10 events):
Event: 12.334 Thread 0x0000000016401800 7760       3       java.util.ArrayDeque::peek (5 bytes)
Event: 12.334 Thread 0x0000000016401800 nmethod 7760 0x000000000409b610 code [0x000000000409b780, 0x000000000409b970]
Event: 12.334 Thread 0x0000000016401800 7761       3       java.util.TreeSet::descendingSet (17 bytes)
Event: 12.335 Thread 0x0000000016401800 nmethod 7761 0x000000000409ae90 code [0x000000000409b020, 0x000000000409b428]
Event: 12.335 Thread 0x0000000016401800 7762       3       java.util.Collections::reverseOrder (4 bytes)
Event: 12.335 Thread 0x0000000016401800 nmethod 7762 0x000000000409ab90 code [0x000000000409ace0, 0x000000000409ae10]
Event: 12.335 Thread 0x0000000016401800 7759       1       org.gradle.execution.taskgraph.WorkInfo::getDependencySuccessors (5 bytes)
Event: 12.335 Thread 0x0000000016401800 nmethod 7759 0x000000000409a8d0 code [0x000000000409aa20, 0x000000000409ab30]
Event: 12.336 Thread 0x0000000016408800 nmethod 7715% 0x00000000040a3a90 code [0x00000000040a3be0, 0x00000000040a3f18]
Event: 12.336 Thread 0x0000000016408800 7763       4       com.google.common.collect.AbstractMapBasedMultimap::put (92 bytes)

GC Heap History (10 events):
Event: 5.312 GC heap after
Heap after GC invocations=10 (full 2):
 PSYoungGen      total 162304K, used 0K [0x00000000e0000000, 0x00000000ee480000, 0x0000000100000000)
  eden space 148480K, 0% used [0x00000000e0000000,0x00000000e0000000,0x00000000e9100000)
  from space 13824K, 0% used [0x00000000e9e80000,0x00000000e9e80000,0x00000000eac00000)
  to   space 13824K, 0% used [0x00000000e9100000,0x00000000e9100000,0x00000000e9e80000)
 ParOldGen       total 91648K, used 16315K [0x00000000a0000000, 0x00000000a5980000, 0x00000000e0000000)
  object space 91648K, 17% used [0x00000000a0000000,0x00000000a0feed18,0x00000000a5980000)
 Metaspace       used 34741K, capacity 35350K, committed 35496K, reserved 1079296K
  class space    used 4822K, capacity 5029K, committed 5040K, reserved 1048576K
}
Event: 7.043 GC heap before
{Heap before GC invocations=11 (full 2):
 PSYoungGen      total 162304K, used 148480K [0x00000000e0000000, 0x00000000ee480000, 0x0000000100000000)
  eden space 148480K, 100% used [0x00000000e0000000,0x00000000e9100000,0x00000000e9100000)
  from space 13824K, 0% used [0x00000000e9e80000,0x00000000e9e80000,0x00000000eac00000)
  to   space 13824K, 0% used [0x00000000e9100000,0x00000000e9100000,0x00000000e9e80000)
 ParOldGen       total 91648K, used 16315K [0x00000000a0000000, 0x00000000a5980000, 0x00000000e0000000)
  object space 91648K, 17% used [0x00000000a0000000,0x00000000a0feed18,0x00000000a5980000)
 Metaspace       used 43808K, capacity 44616K, committed 44968K, reserved 1087488K
  class space    used 5920K, capacity 6217K, committed 6320K, reserved 1048576K
Event: 7.056 GC heap after
Heap after GC invocations=11 (full 2):
 PSYoungGen      total 162304K, used 13823K [0x00000000e0000000, 0x00000000edd80000, 0x0000000100000000)
  eden space 148480K, 0% used [0x00000000e0000000,0x00000000e0000000,0x00000000e9100000)
  from space 13824K, 99% used [0x00000000e9100000,0x00000000e9e7fd90,0x00000000e9e80000)
  to   space 16384K, 0% used [0x00000000ecd80000,0x00000000ecd80000,0x00000000edd80000)
 ParOldGen       total 91648K, used 18220K [0x00000000a0000000, 0x00000000a5980000, 0x00000000e0000000)
  object space 91648K, 19% used [0x00000000a0000000,0x00000000a11cb370,0x00000000a5980000)
 Metaspace       used 43808K, capacity 44616K, committed 44968K, reserved 1087488K
  class space    used 5920K, capacity 6217K, committed 6320K, reserved 1048576K
}
Event: 8.151 GC heap before
{Heap before GC invocations=12 (full 2):
 PSYoungGen      total 162304K, used 162303K [0x00000000e0000000, 0x00000000edd80000, 0x0000000100000000)
  eden space 148480K, 100% used [0x00000000e0000000,0x00000000e9100000,0x00000000e9100000)
  from space 13824K, 99% used [0x00000000e9100000,0x00000000e9e7fd90,0x00000000e9e80000)
  to   space 16384K, 0% used [0x00000000ecd80000,0x00000000ecd80000,0x00000000edd80000)
 ParOldGen       total 91648K, used 18220K [0x00000000a0000000, 0x00000000a5980000, 0x00000000e0000000)
  object space 91648K, 19% used [0x00000000a0000000,0x00000000a11cb370,0x00000000a5980000)
 Metaspace       used 49159K, capacity 50076K, committed 50472K, reserved 1093632K
  class space    used 6573K, capacity 6895K, committed 6960K, reserved 1048576K
Event: 8.172 GC heap after
Heap after GC invocations=12 (full 2):
 PSYoungGen      total 208384K, used 15483K [0x00000000e0000000, 0x00000000ede80000, 0x0000000100000000)
  eden space 192000K, 0% used [0x00000000e0000000,0x00000000e0000000,0x00000000ebb80000)
  from space 16384K, 94% used [0x00000000ecd80000,0x00000000edc9ec00,0x00000000edd80000)
  to   space 17920K, 0% used [0x00000000ebb80000,0x00000000ebb80000,0x00000000ecd00000)
 ParOldGen       total 91648K, used 18300K [0x00000000a0000000, 0x00000000a5980000, 0x00000000e0000000)
  object space 91648K, 19% used [0x00000000a0000000,0x00000000a11df380,0x00000000a5980000)
 Metaspace       used 49159K, capacity 50076K, committed 50472K, reserved 1093632K
  class space    used 6573K, capacity 6895K, committed 6960K, reserved 1048576K
}
Event: 10.197 GC heap before
{Heap before GC invocations=13 (full 2):
 PSYoungGen      total 208384K, used 173093K [0x00000000e0000000, 0x00000000ede80000, 0x0000000100000000)
  eden space 192000K, 82% used [0x00000000e0000000,0x00000000e99eaa78,0x00000000ebb80000)
  from space 16384K, 94% used [0x00000000ecd80000,0x00000000edc9ec00,0x00000000edd80000)
  to   space 17920K, 0% used [0x00000000ebb80000,0x00000000ebb80000,0x00000000ecd00000)
 ParOldGen       total 91648K, used 18300K [0x00000000a0000000, 0x00000000a5980000, 0x00000000e0000000)
  object space 91648K, 19% used [0x00000000a0000000,0x00000000a11df380,0x00000000a5980000)
 Metaspace       used 57793K, capacity 59024K, committed 59160K, reserved 1099776K
  class space    used 7820K, capacity 8166K, committed 8240K, reserved 1048576K
Event: 10.242 GC heap after
Heap after GC invocations=13 (full 2):
 PSYoungGen      total 209920K, used 17899K [0x00000000e0000000, 0x00000000f1d80000, 0x0000000100000000)
  eden space 192000K, 0% used [0x00000000e0000000,0x00000000e0000000,0x00000000ebb80000)
  from space 17920K, 99% used [0x00000000ebb80000,0x00000000eccfadd8,0x00000000ecd00000)
  to   space 23040K, 0% used [0x00000000f0700000,0x00000000f0700000,0x00000000f1d80000)
 ParOldGen       total 91648K, used 24865K [0x00000000a0000000, 0x00000000a5980000, 0x00000000e0000000)
  object space 91648K, 27% used [0x00000000a0000000,0x00000000a1848610,0x00000000a5980000)
 Metaspace       used 57793K, capacity 59024K, committed 59160K, reserved 1099776K
  class space    used 7820K, capacity 8166K, committed 8240K, reserved 1048576K
}
Event: 10.242 GC heap before
{Heap before GC invocations=14 (full 3):
 PSYoungGen      total 209920K, used 17899K [0x00000000e0000000, 0x00000000f1d80000, 0x0000000100000000)
  eden space 192000K, 0% used [0x00000000e0000000,0x00000000e0000000,0x00000000ebb80000)
  from space 17920K, 99% used [0x00000000ebb80000,0x00000000eccfadd8,0x00000000ecd00000)
  to   space 23040K, 0% used [0x00000000f0700000,0x00000000f0700000,0x00000000f1d80000)
 ParOldGen       total 91648K, used 24865K [0x00000000a0000000, 0x00000000a5980000, 0x00000000e0000000)
  object space 91648K, 27% used [0x00000000a0000000,0x00000000a1848610,0x00000000a5980000)
 Metaspace       used 57793K, capacity 59024K, committed 59160K, reserved 1099776K
  class space    used 7820K, capacity 8166K, committed 8240K, reserved 1048576K
Event: 10.498 GC heap after
Heap after GC invocations=14 (full 3):
 PSYoungGen      total 209920K, used 0K [0x00000000e0000000, 0x00000000f1d80000, 0x0000000100000000)
  eden space 192000K, 0% used [0x00000000e0000000,0x00000000e0000000,0x00000000ebb80000)
  from space 17920K, 0% used [0x00000000ebb80000,0x00000000ebb80000,0x00000000ecd00000)
  to   space 23040K, 0% used [0x00000000f0700000,0x00000000f0700000,0x00000000f1d80000)
 ParOldGen       total 141312K, used 39492K [0x00000000a0000000, 0x00000000a8a00000, 0x00000000e0000000)
  object space 141312K, 27% used [0x00000000a0000000,0x00000000a26911a8,0x00000000a8a00000)
 Metaspace       used 57793K, capacity 59024K, committed 59160K, reserved 1099776K
  class space    used 7820K, capacity 8166K, committed 8240K, reserved 1048576K
}
Event: 12.345 GC heap before
{Heap before GC invocations=15 (full 3):
 PSYoungGen      total 209920K, used 192000K [0x00000000e0000000, 0x00000000f1d80000, 0x0000000100000000)
  eden space 192000K, 100% used [0x00000000e0000000,0x00000000ebb80000,0x00000000ebb80000)
  from space 17920K, 0% used [0x00000000ebb80000,0x00000000ebb80000,0x00000000ecd00000)
  to   space 23040K, 0% used [0x00000000f0700000,0x00000000f0700000,0x00000000f1d80000)
 ParOldGen       total 141312K, used 39492K [0x00000000a0000000, 0x00000000a8a00000, 0x00000000e0000000)
  object space 141312K, 27% used [0x00000000a0000000,0x00000000a26911a8,0x00000000a8a00000)
 Metaspace       used 63771K, capacity 65610K, committed 65816K, reserved 1105920K
  class space    used 8685K, capacity 9160K, committed 9264K, reserved 1048576K

Deoptimization events (10 events):
Event: 11.490 Thread 0x0000000019b83800 Uncommon trap: reason=class_check action=maybe_recompile pc=0x000000000333c900 method=java.lang.Throwable.<init>(Ljava/lang/String;Ljava/lang/Throwable;)V @ 24
Event: 11.647 Thread 0x0000000019b83800 Uncommon trap: reason=class_check action=maybe_recompile pc=0x0000000003095f00 method=java.lang.reflect.Method.equals(Ljava/lang/Object;)Z @ 5
Event: 11.647 Thread 0x0000000019b83800 Uncommon trap: reason=class_check action=maybe_recompile pc=0x0000000003095f00 method=java.lang.reflect.Method.equals(Ljava/lang/Object;)Z @ 5
Event: 11.701 Thread 0x0000000019b83800 Uncommon trap: reason=bimorphic action=maybe_recompile pc=0x0000000003d13818 method=org.codehaus.groovy.util.SingleKeyHashMap.get(Ljava/lang/Object;)Ljava/lang/Object; @ 43
Event: 11.925 Thread 0x0000000019b83800 Uncommon trap: reason=class_check action=maybe_recompile pc=0x00000000030c2158 method=java.io.BufferedInputStream.read1([BII)I @ 39
Event: 12.009 Thread 0x0000000019b83800 Uncommon trap: reason=unstable_if action=reinterpret pc=0x000000000389e12c method=java.util.regex.Pattern.closure(Ljava/util/regex/Pattern$Node;)Ljava/util/regex/Pattern$Node; @ 113
Event: 12.330 Thread 0x0000000019b83800 Uncommon trap: reason=bimorphic action=maybe_recompile pc=0x000000000409fa40 method=com.google.common.collect.AbstractMapBasedMultimap.put(Ljava/lang/Object;Ljava/lang/Object;)Z @ 70
Event: 12.332 Thread 0x0000000019b83800 Uncommon trap: reason=bimorphic action=maybe_recompile pc=0x000000000409fa40 method=com.google.common.collect.AbstractMapBasedMultimap.put(Ljava/lang/Object;Ljava/lang/Object;)Z @ 70
Event: 12.332 Thread 0x0000000019b83800 Uncommon trap: reason=bimorphic action=maybe_recompile pc=0x000000000409fa40 method=com.google.common.collect.AbstractMapBasedMultimap.put(Ljava/lang/Object;Ljava/lang/Object;)Z @ 70
Event: 12.332 Thread 0x0000000019b83800 Uncommon trap: reason=bimorphic action=maybe_recompile pc=0x000000000409fa40 method=com.google.common.collect.AbstractMapBasedMultimap.put(Ljava/lang/Object;Ljava/lang/Object;)Z @ 70

Classes redefined (0 events):
No events

Internal exceptions (10 events):
Event: 11.701 Thread 0x0000000019b83800 Exception <a 'java/lang/ClassNotFoundException': [Ljava/lang/String;Customizer> (0x00000000e8e5d208) thrown at [D:\src\AOSP-openjdk-cygwin\jdk8u\hotspot\src\share\vm\prims\jni.cpp, line 735]
Event: 11.701 Thread 0x0000000019b83800 Exception <a 'java/lang/ClassNotFoundException': [Ljava/lang/String;Customizer> (0x00000000e8e5dc20) thrown at [D:\src\AOSP-openjdk-cygwin\jdk8u\hotspot\src\share\vm\prims\jni.cpp, line 735]
Event: 11.708 Thread 0x0000000019b83800 Exception <a 'java/lang/ClassNotFoundException': java/lang/IntegerBeanInfo> (0x00000000e8ebba20) thrown at [D:\src\AOSP-openjdk-cygwin\jdk8u\hotspot\src\share\vm\classfile\systemDictionary.cpp, line 210]
Event: 11.709 Thread 0x0000000019b83800 Exception <a 'java/lang/ClassNotFoundException': java/lang/NumberBeanInfo> (0x00000000e8ec2f48) thrown at [D:\src\AOSP-openjdk-cygwin\jdk8u\hotspot\src\share\vm\classfile\systemDictionary.cpp, line 210]
Event: 11.709 Thread 0x0000000019b83800 Exception <a 'java/lang/ClassNotFoundException': java/lang/NumberCustomizer> (0x00000000e8eca490) thrown at [D:\src\AOSP-openjdk-cygwin\jdk8u\hotspot\src\share\vm\classfile\systemDictionary.cpp, line 210]
Event: 11.709 Thread 0x0000000019b83800 Exception <a 'java/lang/ClassNotFoundException': java/lang/IntegerCustomizer> (0x00000000e8ed5538) thrown at [D:\src\AOSP-openjdk-cygwin\jdk8u\hotspot\src\share\vm\classfile\systemDictionary.cpp, line 210]
Event: 11.769 Thread 0x0000000019b83800 Exception <a 'java/lang/NoSuchMethodError': java.lang.Object.lambda$static$0(Ljava/util/Set;Ljava/util/Set;)Z> (0x00000000e94d74f0) thrown at [D:\src\AOSP-openjdk-cygwin\jdk8u\hotspot\src\share\vm\interpreter\linkResolver.cpp, line 584]
Event: 11.770 Thread 0x0000000019b83800 Exception <a 'java/lang/NoSuchMethodError': java.lang.Object.lambda$static$1(Ljava/util/Set;Ljava/util/Set;)Z> (0x00000000e94da278) thrown at [D:\src\AOSP-openjdk-cygwin\jdk8u\hotspot\src\share\vm\interpreter\linkResolver.cpp, line 584]
Event: 11.770 Thread 0x0000000019b83800 Exception <a 'java/lang/NoSuchMethodError': java.lang.Object.lambda$static$2(Ljava/util/Set;Ljava/util/Set;)Z> (0x00000000e94dcbd0) thrown at [D:\src\AOSP-openjdk-cygwin\jdk8u\hotspot\src\share\vm\interpreter\linkResolver.cpp, line 584]
Event: 11.770 Thread 0x0000000019b83800 Exception <a 'java/lang/NoSuchMethodError': java.lang.Object.lambda$static$3(Ljava/util/Set;Ljava/util/Set;)Z> (0x00000000e94df528) thrown at [D:\src\AOSP-openjdk-cygwin\jdk8u\hotspot\src\share\vm\interpreter\linkResolver.cpp, line 584]

Events (10 events):
Event: 12.343 Thread 0x000000001f1aa800 Thread added: 0x000000001f1aa800
Event: 12.343 loading class org/gradle/execution/taskgraph/DefaultTaskPlanExecutor$ExecutorWorker$1
Event: 12.343 loading class org/gradle/execution/taskgraph/DefaultTaskPlanExecutor$ExecutorWorker$1 done
Event: 12.344 loading class org/gradle/internal/MutableReference
Event: 12.344 loading class org/gradle/internal/MutableReference done
Event: 12.344 loading class org/gradle/execution/taskgraph/DefaultTaskPlanExecutor$ExecutorWorker$2
Event: 12.344 loading class org/gradle/execution/taskgraph/DefaultTaskPlanExecutor$ExecutorWorker$2 done
Event: 12.345 Executing VM operation: ParallelGCFailedAllocation
Event: 12.345 loading class org/gradle/api/internal/tasks/execution/DefaultTaskProperties
Event: 12.345 loading class org/gradle/api/internal/tasks/execution/DefaultTaskProperties done


Dynamic libraries:
0x00007ff727cb0000 - 0x00007ff727ce1000 	C:\Program Files\Android\Android Studio\jre\bin\java.exe
0x00007ff898360000 - 0x00007ff89850d000 	C:\Windows\SYSTEM32\ntdll.dll
0x00007ff896620000 - 0x00007ff89675e000 	C:\Windows\system32\KERNEL32.DLL
0x00007ff895870000 - 0x00007ff895986000 	C:\Windows\system32\KERNELBASE.dll
0x00007ff8959f0000 - 0x00007ff895a9a000 	C:\Windows\system32\ADVAPI32.dll
0x00007ff895c80000 - 0x00007ff895df7000 	C:\Windows\system32\USER32.dll
0x00007ff893080000 - 0x00007ff8932fb000 	C:\Windows\WinSxS\amd64_microsoft.windows.common-controls_6595b64144ccf1df_6.0.9600.18006_none_623f33d3ecbe86e8\COMCTL32.dll
0x00007ff8982b0000 - 0x00007ff89835a000 	C:\Windows\system32\msvcrt.dll
0x00007ff896970000 - 0x00007ff8969c9000 	C:\Windows\SYSTEM32\sechost.dll
0x00007ff8964e0000 - 0x00007ff896620000 	C:\Windows\system32\RPCRT4.dll
0x00007ff896820000 - 0x00007ff89696c000 	C:\Windows\system32\GDI32.dll
0x00007ff8955b0000 - 0x00007ff8955de000 	C:\Windows\system32\SspiCli.dll
0x00007ff895e00000 - 0x00007ff895e36000 	C:\Windows\system32\IMM32.DLL
0x00007ff896b50000 - 0x00007ff896ca1000 	C:\Windows\system32\MSCTF.dll
0x0000000063a80000 - 0x0000000063b52000 	C:\Program Files\Android\Android Studio\jre\jre\bin\msvcr100.dll
0x0000000063c40000 - 0x0000000064481000 	C:\Program Files\Android\Android Studio\jre\jre\bin\server\jvm.dll
0x00007ff88a370000 - 0x00007ff88a379000 	C:\Windows\SYSTEM32\WSOCK32.dll
0x00007ff889b40000 - 0x00007ff889b62000 	C:\Windows\SYSTEM32\WINMM.dll
0x00007ff8923e0000 - 0x00007ff8923ea000 	C:\Windows\SYSTEM32\VERSION.dll
0x00007ff896b40000 - 0x00007ff896b47000 	C:\Windows\system32\PSAPI.DLL
0x00007ff896ae0000 - 0x00007ff896b3a000 	C:\Windows\system32\WS2_32.dll
0x00007ff889ab0000 - 0x00007ff889ada000 	C:\Windows\SYSTEM32\WINMMBASE.dll
0x00007ff896ad0000 - 0x00007ff896ad9000 	C:\Windows\system32\NSI.dll
0x00007ff895560000 - 0x00007ff8955af000 	C:\Windows\SYSTEM32\cfgmgr32.dll
0x00007ff894220000 - 0x00007ff894248000 	C:\Windows\SYSTEM32\DEVOBJ.dll
0x00007ff8914e0000 - 0x00007ff8914ef000 	C:\Program Files\Android\Android Studio\jre\jre\bin\verify.dll
0x00007ff88e620000 - 0x00007ff88e649000 	C:\Program Files\Android\Android Studio\jre\jre\bin\java.dll
0x00007ff8914c0000 - 0x00007ff8914d6000 	C:\Program Files\Android\Android Studio\jre\jre\bin\zip.dll
0x00007ff896cb0000 - 0x00007ff8981db000 	C:\Windows\system32\SHELL32.dll
0x00007ff8960c0000 - 0x00007ff8962d0000 	C:\Windows\SYSTEM32\combase.dll
0x00007ff896a70000 - 0x00007ff896ac4000 	C:\Windows\system32\SHLWAPI.dll
0x00007ff8939a0000 - 0x00007ff893a52000 	C:\Windows\SYSTEM32\SHCORE.dll
0x00007ff895490000 - 0x00007ff8954a5000 	C:\Windows\SYSTEM32\profapi.dll
0x00007ff8912a0000 - 0x00007ff8912ba000 	C:\Program Files\Android\Android Studio\jre\jre\bin\net.dll
0x00007ff894cc0000 - 0x00007ff894d19000 	C:\Windows\system32\mswsock.dll
0x00007ff8900e0000 - 0x00007ff8900f1000 	C:\Program Files\Android\Android Studio\jre\jre\bin\nio.dll
0x00007ff8918d0000 - 0x00007ff8918ee000 	C:\Users\Burhanuddin Rashid\.gradle\native\25\windows-amd64\native-platform.dll
0x00007ff890770000 - 0x00007ff89077d000 	C:\Program Files\Android\Android Studio\jre\jre\bin\management.dll
0x00007ff894d20000 - 0x00007ff894d40000 	C:\Windows\SYSTEM32\CRYPTSP.dll
0x00007ff894940000 - 0x00007ff894976000 	C:\Windows\system32\rsaenh.dll
0x00007ff894f70000 - 0x00007ff894f96000 	C:\Windows\SYSTEM32\bcrypt.dll
0x00007ff894a50000 - 0x00007ff894a71000 	C:\Windows\SYSTEM32\USERENV.dll
0x00007ff8952f0000 - 0x00007ff895353000 	C:\Windows\system32\bcryptprimitives.dll
0x00007ff895360000 - 0x00007ff89536b000 	C:\Windows\SYSTEM32\CRYPTBASE.dll
0x00007ff892360000 - 0x00007ff89238a000 	C:\Windows\SYSTEM32\IPHLPAPI.DLL
0x00007ff8923d0000 - 0x00007ff8923da000 	C:\Windows\SYSTEM32\WINNSI.DLL
0x00007ff88e1c0000 - 0x00007ff88e1d6000 	C:\Windows\SYSTEM32\dhcpcsvc6.DLL
0x00007ff8907a0000 - 0x00007ff8907ba000 	C:\Windows\SYSTEM32\dhcpcsvc.DLL
0x00007ff8895f0000 - 0x00007ff889779000 	C:\Windows\SYSTEM32\dbghelp.dll

VM Arguments:
jvm_args: -Xmx1536m -Dfile.encoding=windows-1252 -Duser.country=US -Duser.language=en -Duser.variant 
java_command: org.gradle.launcher.daemon.bootstrap.GradleDaemon 4.10.1
java_class_path (initial): C:\Users\Burhanuddin Rashid\.gradle\wrapper\dists\gradle-4.10.1-all\455itskqi2qtf0v2sja68alqd\gradle-4.10.1\lib\gradle-launcher-4.10.1.jar
Launcher Type: SUN_STANDARD

Environment Variables:
PATH=C:\ProgramData\Oracle\Java\javapath;C:\Program Files\CollabNet\Subversion Client;C:\Windows\system32;C:\Windows;C:\Windows\System32\Wbem;C:\Windows\System32\WindowsPowerShell\v1.0\;C:\Android\sdk\platform-tools;C:\Program Files (x86)\gnupg\bin;C:\Program Files\Microsoft VS Code\bin;C:\Program Files\Git\cmd;F:\programFiles\php;C:\ProgramData\ComposerSetup\bin;C:\Program Files (x86)\ComposerSetup;F:\Node\;F:\Android\flutter\bin;C:\Program Files\Git\git-cmd.exe;C:\Windows\System32;F:\Node\node_modules\npm;C:\Users\Burhanuddin Rashid\AppData\Roaming\Composer\vendor\bin;C:\Users\Burhanuddin Rashid\AppData\Roaming\npm;C:\Program Files\Java\jdk1.8.0_131\bin;F:\Android\sdk\platform-tools;F:\Android\flutter\bin;C:\Program Files\Git\git-cmd.exe;C:\Windows\System32
USERNAME=MD093-Uttam
OS=Windows_NT
PROCESSOR_IDENTIFIER=Intel64 Family 6 Model 60 Stepping 3, GenuineIntel



---------------  S Y S T E M  ---------------

OS: Windows 8.1 , 64 bit Build 9600 (6.3.9600.17415)

CPU:total 4 (initial active 4) (2 cores per cpu, 2 threads per core) family 6 model 60 stepping 3, cmov, cx8, fxsr, mmx, sse, sse2, sse3, ssse3, sse4.1, sse4.2, popcnt, avx, avx2, aes, clmul, erms, lzcnt, ht, tsc, tscinvbit, bmi1, bmi2

Memory: 4k page, physical 8257560k(1762504k free), swap 16646168k(9113888k free)

vm_info: OpenJDK 64-Bit Server VM (25.152-b01) for windows-amd64 JRE (1.8.0_152-release-1248-b01), built by "builder" with MS VC++ 10.0 (VS2010)

time: Wed Mar 20 12:27:36 2019
elapsed time: 12 seconds (0d 0h 0m 12s)

