#
# A fatal error has been detected by the Java Runtime Environment:
#
#  EXCEPTION_ACCESS_VIOLATION (0xc0000005) at pc=0x0000000002e06b7f, pid=5084, tid=0x000000000000180c
#
# JRE version: OpenJDK Runtime Environment (8.0_152-b01) (build 1.8.0_152-release-1248-b01)
# Java VM: OpenJDK 64-Bit Server VM (25.152-b01 mixed mode windows-amd64 compressed oops)
# Problematic frame:
# j  com.android.build.gradle.internal.scope.ArtifactTypeUtil.getOutputDir(Lcom/android/build/api/artifact/ArtifactType;Ljava/io/File;)Ljava/io/File;+9
#
# Failed to write core dump. Minidumps are not enabled by default on client versions of Windows
#
# If you would like to submit a bug report, please visit:
#   http://bugreport.java.com/bugreport/crash.jsp
#

---------------  T H R E A D  ---------------

Current thread (0x000000001e094000):  JavaThread "Daemon worker Thread 2" [_thread_in_Java, id=6156, stack(0x000000001fd60000,0x000000001fe60000)]

siginfo: ExceptionCode=0xc0000005, reading address 0x00000007f9e1fa40

Registers:
RAX=0x00000001006cd218, RBX=0x0000000000000016, RCX=0x0000000000000038, RDX=0x00000007f9e1fa08
RSP=0x000000001fe5b030, RBP=0x000000001fe5b070, RSI=0x00000000ed48b8d0, RDI=0x00000001005166c0
R8 =0x00000000a24f27b0, R9 =0x00000000a1df1a88, R10=0x00000000643f5800, R11=0x0000000003a8e400
R12=0x0000000000000000, R13=0x0000000022a57035, R14=0x000000001fe5b0c0, R15=0x000000001e094000
RIP=0x0000000002e06b7f, EFLAGS=0x0000000000010206

Top of Stack: (sp=0x000000001fe5b030)
0x000000001fe5b030:   000000001fe5b030 0000000022a57031
0x000000001fe5b040:   000000001fe5b0c0 0000000022a57288
0x000000001fe5b050:   0000000000000000 0000000022a570b0
0x000000001fe5b060:   0000000000000000 000000001fe5b0b8
0x000000001fe5b070:   000000001fe5b108 0000000002de7e20
0x000000001fe5b080:   0000000000000000 0000000000000000
0x000000001fe5b090:   0000000000000000 0000000000000000
0x000000001fe5b0a0:   0000000000000000 0000000000000000
0x000000001fe5b0b0:   0000000000000000 00000000ea70f460
0x000000001fe5b0c0:   00000000a18591b0 000000001fe5b0c8
0x000000001fe5b0d0:   000000002219b2d0 000000001fe5b130
0x000000001fe5b0e0:   000000002219dda0 0000000000000000
0x000000001fe5b0f0:   000000002219b328 000000001fe5b0b8
0x000000001fe5b100:   000000001fe5b118 000000001fe5b178
0x000000001fe5b110:   0000000002de7e20 00000000a24f43e8
0x000000001fe5b120:   00000000a18591b0 00000000ed485e18 

Instructions: (pc=0x0000000002e06b7f)
0x0000000002e06b5f:   89 51 10 bf 01 00 00 00 48 89 79 18 48 83 c1 30
0x0000000002e06b6f:   48 89 4d e0 48 3b d0 0f 84 59 00 00 00 8b 48 0c
0x0000000002e06b7f:   48 3b 04 0a 0f 84 4c 00 00 00 83 f9 18 0f 85 22
0x0000000002e06b8f:   00 00 00 50 48 8b c0 57 48 8b 7a 20 8b 0f 48 83 


Register to memory mapping:

RAX=0x00000001006cd218 is pointing into metadata
RBX=0x0000000000000016 is an unknown value
RCX=0x0000000000000038 is an unknown value
RDX=0x00000007f9e1fa08 is an unknown value
RSP=0x000000001fe5b030 is pointing into the stack for thread: 0x000000001e094000
RBP=0x000000001fe5b070 is pointing into the stack for thread: 0x000000001e094000
RSI=0x00000000ed48b8d0 is an oop
com.android.build.gradle.internal.scope.BuildArtifactsHolder$ArtifactRecord 
 - klass: 'com/android/build/gradle/internal/scope/BuildArtifactsHolder$ArtifactRecord'
RDI=0x00000001005166c0 is pointing into metadata
R8 =0x00000000a24f27b0 is an oop
java.lang.String 
 - klass: 'java/lang/String'
R9 =0x00000000a1df1a88 is an oop
java.lang.Class 
 - klass: 'java/lang/Class'
R10=0x00000000643f5800 is an unknown value
R11=0x0000000003a8e400 is at entry_point+0 in (nmethod*)0x0000000003a8e2d0
R12=0x0000000000000000 is an unknown value
R13=0x0000000022a57035 is pointing into metadata
R14=0x000000001fe5b0c0 is pointing into the stack for thread: 0x000000001e094000
R15=0x000000001e094000 is a thread


Stack: [0x000000001fd60000,0x000000001fe60000],  sp=0x000000001fe5b030,  free space=1004k
Native frames: (J=compiled Java code, j=interpreted, Vv=VM code, C=native code)
C  0x0000000002e06b7f


---------------  P R O C E S S  ---------------

Java Threads: ( => current thread )
  0x000000001e098800 JavaThread "Build operations Thread 4" [_thread_blocked, id=7668, stack(0x00000000243a0000,0x00000000244a0000)]
  0x000000001e096000 JavaThread "Build operations Thread 3" [_thread_blocked, id=5632, stack(0x0000000024170000,0x0000000024270000)]
  0x000000001e097800 JavaThread "Build operations Thread 2" [_thread_blocked, id=1864, stack(0x0000000024070000,0x0000000024170000)]
  0x000000001e092800 JavaThread "Build operations" [_thread_blocked, id=7832, stack(0x0000000023550000,0x0000000023650000)]
  0x000000001e095800 JavaThread "Cache worker for cache directory md-rule (C:\Users\Burhanuddin Rashid\.gradle\caches\4.10.1\md-rule)" [_thread_blocked, id=836, stack(0x0000000023250000,0x0000000023350000)]
  0x000000001e08a800 JavaThread "Cache worker for cache directory md-supplier (C:\Users\Burhanuddin Rashid\.gradle\caches\4.10.1\md-supplier)" [_thread_blocked, id=3428, stack(0x00000000218a0000,0x00000000219a0000)]
  0x000000001e091800 JavaThread "Cache worker for file hash cache (E:\workspace\PDF\.gradle\4.10.1\fileHashes)" [_thread_blocked, id=7928, stack(0x00000000217a0000,0x00000000218a0000)]
  0x000000001e094800 JavaThread "Stdin handler" [_thread_blocked, id=7108, stack(0x00000000216a0000,0x00000000217a0000)]
  0x000000001e090800 JavaThread "Asynchronous log dispatcher for DefaultDaemonConnection: socket connection from /127.0.0.1:54237 to /127.0.0.1:54374" [_thread_blocked, id=6300, stack(0x00000000215a0000,0x00000000216a0000)]
=>0x000000001e094000 JavaThread "Daemon worker Thread 2" [_thread_in_Java, id=6156, stack(0x000000001fd60000,0x000000001fe60000)]
  0x000000001e090000 JavaThread "Cancel handler" [_thread_blocked, id=5200, stack(0x000000001eb90000,0x000000001ec90000)]
  0x000000001e08c000 JavaThread "Handler for socket connection from /127.0.0.1:54237 to /127.0.0.1:54374" [_thread_in_native, id=5100, stack(0x000000001c1f0000,0x000000001c2f0000)]
  0x000000001e08f000 JavaThread "Daemon Thread 2" [_thread_blocked, id=8096, stack(0x000000001b8f0000,0x000000001b9f0000)]
  0x000000001e08e800 JavaThread "RMI TCP Connection(idle)" daemon [_thread_blocked, id=6968, stack(0x000000001b7f0000,0x000000001b8f0000)]
  0x000000001e08b800 JavaThread "RMI TCP Connection(idle)" daemon [_thread_blocked, id=1392, stack(0x000000001b6f0000,0x000000001b7f0000)]
  0x000000001e08d800 JavaThread "RMI TCP Connection(idle)" daemon [_thread_blocked, id=964, stack(0x000000001b5f0000,0x000000001b6f0000)]
  0x000000001d15a800 JavaThread "RMI Reaper" [_thread_blocked, id=6584, stack(0x00000000246a0000,0x00000000247a0000)]
  0x000000001d159000 JavaThread "RMI TCP Accept-0" daemon [_thread_in_native, id=1440, stack(0x00000000245a0000,0x00000000246a0000)]
  0x000000001d159800 JavaThread "GC Daemon" daemon [_thread_blocked, id=4340, stack(0x00000000244a0000,0x00000000245a0000)]
  0x000000001d157800 JavaThread "RMI Scheduler(0)" daemon [_thread_blocked, id=6028, stack(0x00000000242a0000,0x00000000243a0000)]
  0x000000001d152000 JavaThread "Cache worker for file content cache (C:\Users\Burhanuddin Rashid\.gradle\caches\4.10.1\fileContent)" [_thread_blocked, id=7364, stack(0x0000000023150000,0x0000000023250000)]
  0x000000001d14f000 JavaThread "Memory manager" [_thread_blocked, id=3920, stack(0x0000000021dc0000,0x0000000021ec0000)]
  0x000000001a017000 JavaThread "Cache worker for Artifact transforms cache (C:\Users\Burhanuddin Rashid\.gradle\caches\transforms-1)" [_thread_blocked, id=6280, stack(0x000000001fc60000,0x000000001fd60000)]
  0x000000001a012800 JavaThread "Cache worker for journal cache (C:\Users\Burhanuddin Rashid\.gradle\caches\journal-1)" [_thread_blocked, id=7596, stack(0x000000001d2c0000,0x000000001d3c0000)]
  0x0000000019e4e000 JavaThread "File lock request listener" [_thread_in_native, id=7036, stack(0x000000001c0f0000,0x000000001c1f0000)]
  0x0000000019a4f000 JavaThread "Cache worker for file hash cache (C:\Users\Burhanuddin Rashid\.gradle\caches\4.10.1\fileHashes)" [_thread_blocked, id=3196, stack(0x000000001bff0000,0x000000001c0f0000)]
  0x00000000197fb000 JavaThread "Daemon periodic checks" [_thread_blocked, id=4032, stack(0x000000001b4f0000,0x000000001b5f0000)]
  0x0000000019814000 JavaThread "Incoming local TCP Connector on port 54237" [_thread_in_native, id=7684, stack(0x000000001b300000,0x000000001b400000)]
  0x00000000180b0800 JavaThread "Service Thread" daemon [_thread_blocked, id=3096, stack(0x0000000018480000,0x0000000018580000)]
  0x0000000016752800 JavaThread "C1 CompilerThread2" daemon [_thread_blocked, id=1388, stack(0x0000000017f80000,0x0000000018080000)]
  0x000000001674d800 JavaThread "C2 CompilerThread1" daemon [_thread_blocked, id=1992, stack(0x0000000017e80000,0x0000000017f80000)]
  0x0000000016758800 JavaThread "C2 CompilerThread0" daemon [_thread_blocked, id=4284, stack(0x0000000017d80000,0x0000000017e80000)]
  0x0000000016757000 JavaThread "Attach Listener" daemon [_thread_blocked, id=4948, stack(0x0000000017c80000,0x0000000017d80000)]
  0x0000000016756000 JavaThread "Signal Dispatcher" daemon [_thread_blocked, id=856, stack(0x0000000017b80000,0x0000000017c80000)]
  0x0000000002ddd000 JavaThread "Finalizer" daemon [_thread_blocked, id=7980, stack(0x00000000179a0000,0x0000000017aa0000)]
  0x0000000002dd2000 JavaThread "Reference Handler" daemon [_thread_blocked, id=6512, stack(0x00000000178a0000,0x00000000179a0000)]
  0x0000000002c2e000 JavaThread "main" [_thread_blocked, id=7172, stack(0x0000000002b20000,0x0000000002c20000)]

Other Threads:
  0x0000000016718000 VMThread [stack: 0x00000000177a0000,0x00000000178a0000] [id=2688]
  0x00000000180b1000 WatcherThread [stack: 0x0000000018580000,0x0000000018680000] [id=3188]

VM state:not at safepoint (normal execution)

VM Mutex/Monitor currently owned by a thread: None

Heap:
 PSYoungGen      total 255488K, used 241334K [0x00000000e0000000, 0x00000000f4600000, 0x0000000100000000)
  eden space 231936K, 93% used [0x00000000e0000000,0x00000000ed4aeab0,0x00000000ee280000)
  from space 23552K, 99% used [0x00000000ee280000,0x00000000ef97f090,0x00000000ef980000)
  to   space 30720K, 0% used [0x00000000f2800000,0x00000000f2800000,0x00000000f4600000)
 ParOldGen       total 146432K, used 50565K [0x00000000a0000000, 0x00000000a8f00000, 0x00000000e0000000)
  object space 146432K, 34% used [0x00000000a0000000,0x00000000a3161570,0x00000000a8f00000)
 Metaspace       used 84825K, capacity 88266K, committed 88472K, reserved 1126400K
  class space    used 11360K, capacity 12106K, committed 12208K, reserved 1048576K

Card table byte_map: [0x00000000121a0000,0x00000000124b0000] byte_map_base: 0x0000000011ca0000

Marking Bits: (ParMarkBitMap*) 0x0000000064405aa0
 Begin Bits: [0x0000000012ab0000, 0x00000000142b0000)
 End Bits:   [0x00000000142b0000, 0x0000000015ab0000)

Polling page: 0x0000000001240000

CodeCache: size=245760Kb used=30530Kb max_used=30536Kb free=215229Kb
 bounds [0x0000000002de0000, 0x0000000004be0000, 0x0000000011de0000]
 total_blobs=10997 nmethods=10133 adapters=776
 compilation: enabled

Compilation events (10 events):
Event: 354.927 Thread 0x0000000016752800 11941       3       org.gradle.api.internal.tasks.DefaultTaskContainer$3::call (73 bytes)
Event: 354.928 Thread 0x0000000016752800 nmethod 11941 0x0000000004bd6390 code [0x0000000004bd65a0, 0x0000000004bd71a8]
Event: 354.928 Thread 0x0000000016752800 11942       3       org.gradle.api.internal.tasks.DefaultTaskContainer::access$800 (5 bytes)
Event: 354.928 Thread 0x0000000016752800 nmethod 11942 0x0000000004bce810 code [0x0000000004bce980, 0x0000000004bceb88]
Event: 354.928 Thread 0x0000000016752800 11943       3       org.gradle.api.internal.tasks.DefaultTaskContainer::access$900 (6 bytes)
Event: 354.928 Thread 0x0000000016752800 nmethod 11943 0x0000000004bce3d0 code [0x0000000004bce540, 0x0000000004bce708]
Event: 354.928 Thread 0x0000000016752800 11944       3       org.gradle.api.internal.tasks.DefaultTaskContainer::addLaterInternal (6 bytes)
Event: 354.928 Thread 0x0000000016752800 nmethod 11944 0x0000000004bd6010 code [0x0000000004bd6180, 0x0000000004bd6308]
Event: 354.928 Thread 0x0000000016752800 11945       3       com.android.build.gradle.internal.scope.BuildArtifactsHolder::doAppendArtifact (32 bytes)
Event: 354.929 Thread 0x0000000016752800 nmethod 11945 0x0000000004bd5710 code [0x0000000004bd58c0, 0x0000000004bd5d68]

GC Heap History (10 events):
Event: 7.224 GC heap before
{Heap before GC invocations=12 (full 2):
 PSYoungGen      total 160768K, used 160746K [0x00000000e0000000, 0x00000000eda00000, 0x0000000100000000)
  eden space 146944K, 100% used [0x00000000e0000000,0x00000000e8f80000,0x00000000e8f80000)
  from space 13824K, 99% used [0x00000000e8f80000,0x00000000e9cfabd0,0x00000000e9d00000)
  to   space 16384K, 0% used [0x00000000eca00000,0x00000000eca00000,0x00000000eda00000)
 ParOldGen       total 94208K, used 18383K [0x00000000a0000000, 0x00000000a5c00000, 0x00000000e0000000)
  object space 94208K, 19% used [0x00000000a0000000,0x00000000a11f3c68,0x00000000a5c00000)
 Metaspace       used 49047K, capacity 49964K, committed 50216K, reserved 1093632K
  class space    used 6560K, capacity 6859K, committed 6960K, reserved 1048576K
Event: 7.241 GC heap after
Heap after GC invocations=12 (full 2):
 PSYoungGen      total 204800K, used 15180K [0x00000000e0000000, 0x00000000edb00000, 0x0000000100000000)
  eden space 188416K, 0% used [0x00000000e0000000,0x00000000e0000000,0x00000000eb800000)
  from space 16384K, 92% used [0x00000000eca00000,0x00000000ed8d3298,0x00000000eda00000)
  to   space 17920K, 0% used [0x00000000eb800000,0x00000000eb800000,0x00000000ec980000)
 ParOldGen       total 94208K, used 18391K [0x00000000a0000000, 0x00000000a5c00000, 0x00000000e0000000)
  object space 94208K, 19% used [0x00000000a0000000,0x00000000a11f5c68,0x00000000a5c00000)
 Metaspace       used 49047K, capacity 49964K, committed 50216K, reserved 1093632K
  class space    used 6560K, capacity 6859K, committed 6960K, reserved 1048576K
}
Event: 9.150 GC heap before
{Heap before GC invocations=13 (full 2):
 PSYoungGen      total 204800K, used 187974K [0x00000000e0000000, 0x00000000edb00000, 0x0000000100000000)
  eden space 188416K, 91% used [0x00000000e0000000,0x00000000ea8be5c8,0x00000000eb800000)
  from space 16384K, 92% used [0x00000000eca00000,0x00000000ed8d3298,0x00000000eda00000)
  to   space 17920K, 0% used [0x00000000eb800000,0x00000000eb800000,0x00000000ec980000)
 ParOldGen       total 94208K, used 18391K [0x00000000a0000000, 0x00000000a5c00000, 0x00000000e0000000)
  object space 94208K, 19% used [0x00000000a0000000,0x00000000a11f5c68,0x00000000a5c00000)
 Metaspace       used 57788K, capacity 59024K, committed 59160K, reserved 1099776K
  class space    used 7825K, capacity 8166K, committed 8240K, reserved 1048576K
Event: 9.180 GC heap after
Heap after GC invocations=13 (full 2):
 PSYoungGen      total 206336K, used 17912K [0x00000000e0000000, 0x00000000f1680000, 0x0000000100000000)
  eden space 188416K, 0% used [0x00000000e0000000,0x00000000e0000000,0x00000000eb800000)
  from space 17920K, 99% used [0x00000000eb800000,0x00000000ec97e300,0x00000000ec980000)
  to   space 23040K, 0% used [0x00000000f0000000,0x00000000f0000000,0x00000000f1680000)
 ParOldGen       total 94208K, used 25298K [0x00000000a0000000, 0x00000000a5c00000, 0x00000000e0000000)
  object space 94208K, 26% used [0x00000000a0000000,0x00000000a18b4a50,0x00000000a5c00000)
 Metaspace       used 57788K, capacity 59024K, committed 59160K, reserved 1099776K
  class space    used 7825K, capacity 8166K, committed 8240K, reserved 1048576K
}
Event: 9.180 GC heap before
{Heap before GC invocations=14 (full 3):
 PSYoungGen      total 206336K, used 17912K [0x00000000e0000000, 0x00000000f1680000, 0x0000000100000000)
  eden space 188416K, 0% used [0x00000000e0000000,0x00000000e0000000,0x00000000eb800000)
  from space 17920K, 99% used [0x00000000eb800000,0x00000000ec97e300,0x00000000ec980000)
  to   space 23040K, 0% used [0x00000000f0000000,0x00000000f0000000,0x00000000f1680000)
 ParOldGen       total 94208K, used 25298K [0x00000000a0000000, 0x00000000a5c00000, 0x00000000e0000000)
  object space 94208K, 26% used [0x00000000a0000000,0x00000000a18b4a50,0x00000000a5c00000)
 Metaspace       used 57788K, capacity 59024K, committed 59160K, reserved 1099776K
  class space    used 7825K, capacity 8166K, committed 8240K, reserved 1048576K
Event: 9.431 GC heap after
Heap after GC invocations=14 (full 3):
 PSYoungGen      total 206336K, used 0K [0x00000000e0000000, 0x00000000f1680000, 0x0000000100000000)
  eden space 188416K, 0% used [0x00000000e0000000,0x00000000e0000000,0x00000000eb800000)
  from space 17920K, 0% used [0x00000000eb800000,0x00000000eb800000,0x00000000ec980000)
  to   space 23040K, 0% used [0x00000000f0000000,0x00000000f0000000,0x00000000f1680000)
 ParOldGen       total 146432K, used 39633K [0x00000000a0000000, 0x00000000a8f00000, 0x00000000e0000000)
  object space 146432K, 27% used [0x00000000a0000000,0x00000000a26b4768,0x00000000a8f00000)
 Metaspace       used 57788K, capacity 59024K, committed 59160K, reserved 1099776K
  class space    used 7825K, capacity 8166K, committed 8240K, reserved 1048576K
}
Event: 11.190 GC heap before
{Heap before GC invocations=15 (full 3):
 PSYoungGen      total 206336K, used 188416K [0x00000000e0000000, 0x00000000f1680000, 0x0000000100000000)
  eden space 188416K, 100% used [0x00000000e0000000,0x00000000eb800000,0x00000000eb800000)
  from space 17920K, 0% used [0x00000000eb800000,0x00000000eb800000,0x00000000ec980000)
  to   space 23040K, 0% used [0x00000000f0000000,0x00000000f0000000,0x00000000f1680000)
 ParOldGen       total 146432K, used 39635K [0x00000000a0000000, 0x00000000a8f00000, 0x00000000e0000000)
  object space 146432K, 27% used [0x00000000a0000000,0x00000000a26b4ef8,0x00000000a8f00000)
 Metaspace       used 63689K, capacity 65486K, committed 65816K, reserved 1105920K
  class space    used 8681K, capacity 9160K, committed 9264K, reserved 1048576K
Event: 11.215 GC heap after
Heap after GC invocations=15 (full 3):
 PSYoungGen      total 245760K, used 16430K [0x00000000e0000000, 0x00000000f1080000, 0x0000000100000000)
  eden space 228864K, 0% used [0x00000000e0000000,0x00000000e0000000,0x00000000edf80000)
  from space 16896K, 97% used [0x00000000f0000000,0x00000000f100b8a8,0x00000000f1080000)
  to   space 23552K, 0% used [0x00000000ee280000,0x00000000ee280000,0x00000000ef980000)
 ParOldGen       total 146432K, used 39643K [0x00000000a0000000, 0x00000000a8f00000, 0x00000000e0000000)
  object space 146432K, 27% used [0x00000000a0000000,0x00000000a26b6ef8,0x00000000a8f00000)
 Metaspace       used 63689K, capacity 65486K, committed 65816K, reserved 1105920K
  class space    used 8681K, capacity 9160K, committed 9264K, reserved 1048576K
}
Event: 16.517 GC heap before
{Heap before GC invocations=16 (full 3):
 PSYoungGen      total 245760K, used 245294K [0x00000000e0000000, 0x00000000f1080000, 0x0000000100000000)
  eden space 228864K, 100% used [0x00000000e0000000,0x00000000edf80000,0x00000000edf80000)
  from space 16896K, 97% used [0x00000000f0000000,0x00000000f100b8a8,0x00000000f1080000)
  to   space 23552K, 0% used [0x00000000ee280000,0x00000000ee280000,0x00000000ef980000)
 ParOldGen       total 146432K, used 39645K [0x00000000a0000000, 0x00000000a8f00000, 0x00000000e0000000)
  object space 146432K, 27% used [0x00000000a0000000,0x00000000a26b76f8,0x00000000a8f00000)
 Metaspace       used 78256K, capacity 81120K, committed 81176K, reserved 1120256K
  class space    used 10626K, capacity 11275K, committed 11312K, reserved 1048576K
Event: 16.551 GC heap after
Heap after GC invocations=16 (full 3):
 PSYoungGen      total 255488K, used 23548K [0x00000000e0000000, 0x00000000f4600000, 0x0000000100000000)
  eden space 231936K, 0% used [0x00000000e0000000,0x00000000e0000000,0x00000000ee280000)
  from space 23552K, 99% used [0x00000000ee280000,0x00000000ef97f090,0x00000000ef980000)
  to   space 30720K, 0% used [0x00000000f2800000,0x00000000f2800000,0x00000000f4600000)
 ParOldGen       total 146432K, used 50565K [0x00000000a0000000, 0x00000000a8f00000, 0x00000000e0000000)
  object space 146432K, 34% used [0x00000000a0000000,0x00000000a3161570,0x00000000a8f00000)
 Metaspace       used 78256K, capacity 81120K, committed 81176K, reserved 1120256K
  class space    used 10626K, capacity 11275K, committed 11312K, reserved 1048576K
}

Deoptimization events (10 events):
Event: 353.727 Thread 0x000000001e08c000 Uncommon trap: reason=class_check action=maybe_recompile pc=0x00000000049e3328 method=sun.nio.ch.IOUtil.read(Ljava/io/FileDescriptor;Ljava/nio/ByteBuffer;JLsun/nio/ch/NativeDispatcher;)I @ 1
Event: 353.756 Thread 0x000000001e094000 Uncommon trap: reason=array_check action=maybe_recompile pc=0x00000000046ce8e8 method=com.google.common.collect.ImmutableSet.construct(I[Ljava/lang/Object;)Lcom/google/common/collect/ImmutableSet; @ 122
Event: 353.765 Thread 0x000000001e094000 Uncommon trap: reason=array_check action=maybe_recompile pc=0x00000000046ce8e8 method=com.google.common.collect.ImmutableSet.construct(I[Ljava/lang/Object;)Lcom/google/common/collect/ImmutableSet; @ 122
Event: 353.778 Thread 0x000000001e094000 Uncommon trap: reason=array_check action=maybe_recompile pc=0x00000000046ce8e8 method=com.google.common.collect.ImmutableSet.construct(I[Ljava/lang/Object;)Lcom/google/common/collect/ImmutableSet; @ 122
Event: 353.782 Thread 0x000000001e094000 Uncommon trap: reason=array_check action=maybe_recompile pc=0x00000000046ce8e8 method=com.google.common.collect.ImmutableSet.construct(I[Ljava/lang/Object;)Lcom/google/common/collect/ImmutableSet; @ 122
Event: 353.829 Thread 0x000000001e094000 Uncommon trap: reason=class_check action=maybe_recompile pc=0x0000000003cac724 method=java.lang.AbstractStringBuilder.append(Ljava/lang/CharSequence;)Ljava/lang/AbstractStringBuilder; @ 37
Event: 353.883 Thread 0x000000001e094000 Uncommon trap: reason=unstable_if action=reinterpret pc=0x000000000442d43c method=org.gradle.internal.file.DefaultFileHierarchySet$Node.contains(Ljava/lang/String;I)Z @ 55
Event: 353.997 Thread 0x000000001e094000 Uncommon trap: reason=bimorphic action=maybe_recompile pc=0x00000000036df3bc method=org.codehaus.groovy.runtime.metaclass.MetaMethodIndex.addMethodToList(Ljava/lang/Object;Lgroovy/lang/MetaMethod;)Ljava/lang/Object; @ 96
Event: 354.924 Thread 0x000000001e094000 Uncommon trap: reason=class_check action=maybe_recompile pc=0x0000000003e70c84 method=java.util.stream.Sink$ChainedReference.<init>(Ljava/util/stream/Sink;)V @ 9
Event: 354.924 Thread 0x000000001e094000 Uncommon trap: reason=class_check action=maybe_recompile pc=0x0000000003e70c84 method=java.util.stream.Sink$ChainedReference.<init>(Ljava/util/stream/Sink;)V @ 9

Classes redefined (0 events):
No events

Internal exceptions (10 events):
Event: 354.918 Thread 0x000000001e094000 Exception <a 'sun/nio/fs/WindowsException'> (0x00000000ed3a8240) thrown at [D:\src\AOSP-openjdk-cygwin\jdk8u\hotspot\src\share\vm\prims\jni.cpp, line 709]
Event: 354.918 Thread 0x000000001e094000 Exception <a 'sun/nio/fs/WindowsException'> (0x00000000ed3a8dd8) thrown at [D:\src\AOSP-openjdk-cygwin\jdk8u\hotspot\src\share\vm\prims\jni.cpp, line 709]
Event: 354.918 Thread 0x000000001e094000 Exception <a 'sun/nio/fs/WindowsException'> (0x00000000ed3abad8) thrown at [D:\src\AOSP-openjdk-cygwin\jdk8u\hotspot\src\share\vm\prims\jni.cpp, line 709]
Event: 354.918 Thread 0x000000001e094000 Exception <a 'sun/nio/fs/WindowsException'> (0x00000000ed3ac690) thrown at [D:\src\AOSP-openjdk-cygwin\jdk8u\hotspot\src\share\vm\prims\jni.cpp, line 709]
Event: 354.918 Thread 0x000000001e094000 Exception <a 'sun/nio/fs/WindowsException'> (0x00000000ed3ae8c8) thrown at [D:\src\AOSP-openjdk-cygwin\jdk8u\hotspot\src\share\vm\prims\jni.cpp, line 709]
Event: 354.918 Thread 0x000000001e094000 Exception <a 'sun/nio/fs/WindowsException'> (0x00000000ed3af490) thrown at [D:\src\AOSP-openjdk-cygwin\jdk8u\hotspot\src\share\vm\prims\jni.cpp, line 709]
Event: 354.918 Thread 0x000000001e094000 Exception <a 'sun/nio/fs/WindowsException'> (0x00000000ed3b21f0) thrown at [D:\src\AOSP-openjdk-cygwin\jdk8u\hotspot\src\share\vm\prims\jni.cpp, line 709]
Event: 354.918 Thread 0x000000001e094000 Exception <a 'sun/nio/fs/WindowsException'> (0x00000000ed3b2cc8) thrown at [D:\src\AOSP-openjdk-cygwin\jdk8u\hotspot\src\share\vm\prims\jni.cpp, line 709]
Event: 354.918 Thread 0x000000001e094000 Exception <a 'sun/nio/fs/WindowsException'> (0x00000000ed3b4cd0) thrown at [D:\src\AOSP-openjdk-cygwin\jdk8u\hotspot\src\share\vm\prims\jni.cpp, line 709]
Event: 354.918 Thread 0x000000001e094000 Exception <a 'sun/nio/fs/WindowsException'> (0x00000000ed3b57b8) thrown at [D:\src\AOSP-openjdk-cygwin\jdk8u\hotspot\src\share\vm\prims\jni.cpp, line 709]

Events (10 events):
Event: 354.393 Thread 0x000000001674d800 flushing nmethod 0x0000000004692150
Event: 354.393 Thread 0x000000001674d800 flushing nmethod 0x0000000004743ad0
Event: 354.540 Thread 0x0000000016758800 flushing nmethod 0x00000000047b36d0
Event: 354.541 Thread 0x0000000016758800 flushing nmethod 0x00000000047c52d0
Event: 354.924 Thread 0x000000001e094000 Uncommon trap: trap_request=0xffffffde fr.pc=0x0000000003e70c84
Event: 354.924 Thread 0x000000001e094000 DEOPT PACKING pc=0x0000000003e70c84 sp=0x000000001fe5b230
Event: 354.924 Thread 0x000000001e094000 DEOPT UNPACKING pc=0x0000000002e2557b sp=0x000000001fe5b090 mode 2
Event: 354.924 Thread 0x000000001e094000 Uncommon trap: trap_request=0xffffffde fr.pc=0x0000000003e70c84
Event: 354.924 Thread 0x000000001e094000 DEOPT PACKING pc=0x0000000003e70c84 sp=0x000000001fe5b220
Event: 354.924 Thread 0x000000001e094000 DEOPT UNPACKING pc=0x0000000002e2557b sp=0x000000001fe5b080 mode 2


Dynamic libraries:
0x00007ff727cb0000 - 0x00007ff727ce1000 	C:\Program Files\Android\Android Studio\jre\bin\java.exe
0x00007ff898360000 - 0x00007ff89850d000 	C:\Windows\SYSTEM32\ntdll.dll
0x00007ff896620000 - 0x00007ff89675e000 	C:\Windows\system32\KERNEL32.DLL
0x00007ff895870000 - 0x00007ff895986000 	C:\Windows\system32\KERNELBASE.dll
0x00007ff8959f0000 - 0x00007ff895a9a000 	C:\Windows\system32\ADVAPI32.dll
0x00007ff895c80000 - 0x00007ff895df7000 	C:\Windows\system32\USER32.dll
0x00007ff893080000 - 0x00007ff8932fb000 	C:\Windows\WinSxS\amd64_microsoft.windows.common-controls_6595b64144ccf1df_6.0.9600.18006_none_623f33d3ecbe86e8\COMCTL32.dll
0x00007ff8982b0000 - 0x00007ff89835a000 	C:\Windows\system32\msvcrt.dll
0x00007ff896970000 - 0x00007ff8969c9000 	C:\Windows\SYSTEM32\sechost.dll
0x00007ff8964e0000 - 0x00007ff896620000 	C:\Windows\system32\RPCRT4.dll
0x00007ff896820000 - 0x00007ff89696c000 	C:\Windows\system32\GDI32.dll
0x00007ff8955b0000 - 0x00007ff8955de000 	C:\Windows\system32\SspiCli.dll
0x00007ff895e00000 - 0x00007ff895e36000 	C:\Windows\system32\IMM32.DLL
0x00007ff896b50000 - 0x00007ff896ca1000 	C:\Windows\system32\MSCTF.dll
0x0000000063a80000 - 0x0000000063b52000 	C:\Program Files\Android\Android Studio\jre\jre\bin\msvcr100.dll
0x0000000063c40000 - 0x0000000064481000 	C:\Program Files\Android\Android Studio\jre\jre\bin\server\jvm.dll
0x00007ff88a370000 - 0x00007ff88a379000 	C:\Windows\SYSTEM32\WSOCK32.dll
0x00007ff889b40000 - 0x00007ff889b62000 	C:\Windows\SYSTEM32\WINMM.dll
0x00007ff8923e0000 - 0x00007ff8923ea000 	C:\Windows\SYSTEM32\VERSION.dll
0x00007ff896b40000 - 0x00007ff896b47000 	C:\Windows\system32\PSAPI.DLL
0x00007ff896ae0000 - 0x00007ff896b3a000 	C:\Windows\system32\WS2_32.dll
0x00007ff889ab0000 - 0x00007ff889ada000 	C:\Windows\SYSTEM32\WINMMBASE.dll
0x00007ff896ad0000 - 0x00007ff896ad9000 	C:\Windows\system32\NSI.dll
0x00007ff895560000 - 0x00007ff8955af000 	C:\Windows\SYSTEM32\cfgmgr32.dll
0x00007ff894220000 - 0x00007ff894248000 	C:\Windows\SYSTEM32\DEVOBJ.dll
0x00007ff8914e0000 - 0x00007ff8914ef000 	C:\Program Files\Android\Android Studio\jre\jre\bin\verify.dll
0x00007ff88e620000 - 0x00007ff88e649000 	C:\Program Files\Android\Android Studio\jre\jre\bin\java.dll
0x00007ff8914c0000 - 0x00007ff8914d6000 	C:\Program Files\Android\Android Studio\jre\jre\bin\zip.dll
0x00007ff896cb0000 - 0x00007ff8981db000 	C:\Windows\system32\SHELL32.dll
0x00007ff8960c0000 - 0x00007ff8962d0000 	C:\Windows\SYSTEM32\combase.dll
0x00007ff896a70000 - 0x00007ff896ac4000 	C:\Windows\system32\SHLWAPI.dll
0x00007ff8939a0000 - 0x00007ff893a52000 	C:\Windows\SYSTEM32\SHCORE.dll
0x00007ff895490000 - 0x00007ff8954a5000 	C:\Windows\SYSTEM32\profapi.dll
0x00007ff8912a0000 - 0x00007ff8912ba000 	C:\Program Files\Android\Android Studio\jre\jre\bin\net.dll
0x00007ff894cc0000 - 0x00007ff894d19000 	C:\Windows\system32\mswsock.dll
0x00007ff8900e0000 - 0x00007ff8900f1000 	C:\Program Files\Android\Android Studio\jre\jre\bin\nio.dll
0x00007ff8918d0000 - 0x00007ff8918ee000 	C:\Users\Burhanuddin Rashid\.gradle\native\25\windows-amd64\native-platform.dll
0x00007ff890770000 - 0x00007ff89077d000 	C:\Program Files\Android\Android Studio\jre\jre\bin\management.dll
0x00007ff894d20000 - 0x00007ff894d40000 	C:\Windows\SYSTEM32\CRYPTSP.dll
0x00007ff894940000 - 0x00007ff894976000 	C:\Windows\system32\rsaenh.dll
0x00007ff894f70000 - 0x00007ff894f96000 	C:\Windows\SYSTEM32\bcrypt.dll
0x00007ff894a50000 - 0x00007ff894a71000 	C:\Windows\SYSTEM32\USERENV.dll
0x00007ff8952f0000 - 0x00007ff895353000 	C:\Windows\system32\bcryptprimitives.dll
0x00007ff895360000 - 0x00007ff89536b000 	C:\Windows\SYSTEM32\CRYPTBASE.dll
0x00007ff892360000 - 0x00007ff89238a000 	C:\Windows\SYSTEM32\IPHLPAPI.DLL
0x00007ff8923d0000 - 0x00007ff8923da000 	C:\Windows\SYSTEM32\WINNSI.DLL
0x00007ff88e1c0000 - 0x00007ff88e1d6000 	C:\Windows\SYSTEM32\dhcpcsvc6.DLL
0x00007ff8907a0000 - 0x00007ff8907ba000 	C:\Windows\SYSTEM32\dhcpcsvc.DLL
0x00007ff8895f0000 - 0x00007ff889779000 	C:\Windows\SYSTEM32\dbghelp.dll

VM Arguments:
jvm_args: -Xmx1536m -Dfile.encoding=windows-1252 -Duser.country=US -Duser.language=en -Duser.variant 
java_command: org.gradle.launcher.daemon.bootstrap.GradleDaemon 4.10.1
java_class_path (initial): C:\Users\Burhanuddin Rashid\.gradle\wrapper\dists\gradle-4.10.1-all\455itskqi2qtf0v2sja68alqd\gradle-4.10.1\lib\gradle-launcher-4.10.1.jar
Launcher Type: SUN_STANDARD

Environment Variables:
PATH=C:\ProgramData\Oracle\Java\javapath;C:\Program Files\CollabNet\Subversion Client;C:\Windows\system32;C:\Windows;C:\Windows\System32\Wbem;C:\Windows\System32\WindowsPowerShell\v1.0\;C:\Android\sdk\platform-tools;C:\Program Files (x86)\gnupg\bin;C:\Program Files\Microsoft VS Code\bin;C:\Program Files\Git\cmd;F:\programFiles\php;C:\ProgramData\ComposerSetup\bin;C:\Program Files (x86)\ComposerSetup;F:\Node\;F:\Android\flutter\bin;C:\Program Files\Git\git-cmd.exe;C:\Windows\System32;F:\Node\node_modules\npm;C:\Users\Burhanuddin Rashid\AppData\Roaming\Composer\vendor\bin;C:\Users\Burhanuddin Rashid\AppData\Roaming\npm;C:\Program Files\Java\jdk1.8.0_131\bin;F:\Android\sdk\platform-tools;F:\Android\flutter\bin;C:\Program Files\Git\git-cmd.exe;C:\Windows\System32
USERNAME=MD093-Uttam
OS=Windows_NT
PROCESSOR_IDENTIFIER=Intel64 Family 6 Model 60 Stepping 3, GenuineIntel



---------------  S Y S T E M  ---------------

OS: Windows 8.1 , 64 bit Build 9600 (6.3.9600.17415)

CPU:total 4 (initial active 4) (2 cores per cpu, 2 threads per core) family 6 model 60 stepping 3, cmov, cx8, fxsr, mmx, sse, sse2, sse3, ssse3, sse4.1, sse4.2, popcnt, avx, avx2, aes, clmul, erms, lzcnt, ht, tsc, tscinvbit, bmi1, bmi2

Memory: 4k page, physical 8257560k(2147260k free), swap 16646168k(9648532k free)

vm_info: OpenJDK 64-Bit Server VM (25.152-b01) for windows-amd64 JRE (1.8.0_152-release-1248-b01), built by "builder" with MS VC++ 10.0 (VS2010)

time: Wed Mar 20 12:34:00 2019
elapsed time: 354 seconds (0d 0h 5m 54s)

